2024-12-01 20:31:04,181 [INFO] Activator:176 - 


2024-12-01 20:31:04,191 [INFO] Activator:177 - !SESSION log4j initialized
2024-12-01 20:31:10,227 [INFO] LogOutputStream:77 - [STDOUT_REDIRECT] 
2024-12-01 20:31:21,363 [INFO] ApplicationProperties:184 - Using Application install path: C:\ST\STM32CubeIDE_1.14.1\STM32CubeIDE\plugins\com.st.stm32cube.common.mx_6.10.0.202311202037
2024-12-01 20:31:21,375 [INFO] DbMcusXml:78 - Set database path to: C:\ST\STM32CubeIDE_1.14.1\STM32CubeIDE\plugins\com.st.stm32cube.common.mx_6.10.0.202311202037\\db\/mcu/
2024-12-01 20:31:21,375 [INFO] ApiDb:274 - Set plugin database path to: C:\ST\STM32CubeIDE_1.14.1\STM32CubeIDE\plugins\com.st.stm32cube.common.mx_6.10.0.202311202037\\db\/plugins/boardmanager/
2024-12-01 20:31:21,375 [WARN] ApiDb:259 - Overriding images path with different value:  => C:\ST\STM32CubeIDE_1.14.1\STM32CubeIDE\plugins\com.st.stm32cube.common.mx_6.10.0.202311202037\\db\/plugins/mcufinder/images/
2024-12-01 20:31:21,382 [INFO] ApiDb:250 - Set database path to: C:\Users\beo\.stmcufinder\plugins\mcufinder//mcu/
2024-12-01 20:31:21,383 [INFO] DbMcusAds:125 - Set database path to: C:\Users\beo\.stmcufinder\plugins\mcufinder//mcu/
2024-12-01 20:31:21,387 [INFO] CrossReferenceDbSqlite:203 - Set database path to: C:\Users\beo\.stmcufinder\plugins\mcufinder//mcu/cs/
2024-12-01 20:31:21,465 [INFO] RulesReader:64 - Compatibility file has been processed (297 Rules)
2024-12-01 20:31:21,534 [INFO] DbMcusXml:78 - Set database path to: C:\ST\STM32CubeIDE_1.14.1\STM32CubeIDE\plugins\com.st.stm32cube.common.mx_6.10.0.202311202037\\db\/mcu/
2024-12-01 20:31:21,534 [INFO] ApiDb:274 - Set plugin database path to: C:\ST\STM32CubeIDE_1.14.1\STM32CubeIDE\plugins\com.st.stm32cube.common.mx_6.10.0.202311202037\\db\/plugins/boardmanager/
2024-12-01 20:31:21,535 [INFO] ApiDb:261 - Set plugin images path to: C:\ST\STM32CubeIDE_1.14.1\STM32CubeIDE\plugins\com.st.stm32cube.common.mx_6.10.0.202311202037\\db\/plugins/mcufinder/images/
2024-12-01 20:31:21,535 [WARN] DbFile:41 - Overriding database path with different value: C:\Users\beo\.stmcufinder\plugins\mcufinder/ => C:\Users\beo\.stmcufinder\plugins\mcufinder
2024-12-01 20:31:21,535 [INFO] ApiDb:250 - Set database path to: C:\Users\beo\.stmcufinder\plugins\mcufinder//mcu/
2024-12-01 20:31:21,535 [WARN] DbFile:41 - Overriding database path with different value: C:\Users\beo\.stmcufinder\plugins\mcufinder/ => C:\Users\beo\.stmcufinder\plugins\mcufinder
2024-12-01 20:31:21,535 [INFO] DbMcusAds:125 - Set database path to: C:\Users\beo\.stmcufinder\plugins\mcufinder//mcu/
2024-12-01 20:31:21,535 [WARN] DbFile:41 - Overriding database path with different value: C:\Users\beo\.stmcufinder\plugins\mcufinder/ => C:\Users\beo\.stmcufinder\plugins\mcufinder
2024-12-01 20:31:21,535 [WARN] DbFile:41 - Overriding database path with different value: C:\Users\beo\.stmcufinder\plugins\mcufinder/ => C:\Users\beo\.stmcufinder\plugins\mcufinder
2024-12-01 20:31:21,535 [INFO] CrossReferenceDbSqlite:203 - Set database path to: C:\Users\beo\.stmcufinder\plugins\mcufinder//mcu/cs/
2024-12-01 20:31:21,594 [INFO] MainPanel:264 - HeapMemory: 510656512
2024-12-01 20:31:21,660 [INFO] DbMcusXml:78 - Set database path to: C:\ST\STM32CubeIDE_1.14.1\STM32CubeIDE\plugins\com.st.stm32cube.common.mx_6.10.0.202311202037\\db\/mcu/
2024-12-01 20:31:21,660 [INFO] ApiDb:274 - Set plugin database path to: C:\ST\STM32CubeIDE_1.14.1\STM32CubeIDE\plugins\com.st.stm32cube.common.mx_6.10.0.202311202037\\db\/plugins/boardmanager/
2024-12-01 20:31:21,660 [INFO] ApiDb:261 - Set plugin images path to: C:\ST\STM32CubeIDE_1.14.1\STM32CubeIDE\plugins\com.st.stm32cube.common.mx_6.10.0.202311202037\\db\/plugins/mcufinder/images/
2024-12-01 20:31:21,661 [WARN] DbFile:41 - Overriding database path with different value: C:\Users\beo\.stmcufinder\plugins\mcufinder/ => C:\Users\beo\.stmcufinder\plugins\mcufinder
2024-12-01 20:31:21,661 [INFO] ApiDb:250 - Set database path to: C:\Users\beo\.stmcufinder\plugins\mcufinder//mcu/
2024-12-01 20:31:21,661 [WARN] DbFile:41 - Overriding database path with different value: C:\Users\beo\.stmcufinder\plugins\mcufinder/ => C:\Users\beo\.stmcufinder\plugins\mcufinder
2024-12-01 20:31:21,661 [INFO] DbMcusAds:125 - Set database path to: C:\Users\beo\.stmcufinder\plugins\mcufinder//mcu/
2024-12-01 20:31:21,661 [WARN] DbFile:41 - Overriding database path with different value: C:\Users\beo\.stmcufinder\plugins\mcufinder/ => C:\Users\beo\.stmcufinder\plugins\mcufinder
2024-12-01 20:31:21,661 [WARN] DbFile:41 - Overriding database path with different value: C:\Users\beo\.stmcufinder\plugins\mcufinder/ => C:\Users\beo\.stmcufinder\plugins\mcufinder
2024-12-01 20:31:21,661 [INFO] CrossReferenceDbSqlite:203 - Set database path to: C:\Users\beo\.stmcufinder\plugins\mcufinder//mcu/cs/
2024-12-01 20:31:21,674 [INFO] ApplicationProperties:184 - Using Application install path: C:\ST\STM32CubeIDE_1.14.1\STM32CubeIDE\plugins\com.st.stm32cube.common.mx_6.10.0.202311202037
2024-12-01 20:31:21,675 [INFO] PluginManage:196 - Search for loadable plugins [exclusion list=, ]
2024-12-01 20:31:21,676 [INFO] PluginManage:310 - Check plugin analytics
2024-12-01 20:31:26,768 [INFO] AnalyticsPlugin:253 - Accepted Software Licenses: 
2024-12-01 20:31:26,768 [INFO] AnalyticsPlugin:255 - Accepted CMSIS Pack Licenses: 
2024-12-01 20:31:26,768 [INFO] AnalyticsPlugin:257 - Accepted Firmware Licenses: FW.F4.1.28.0
2024-12-01 20:31:26,770 [INFO] PluginManage:359 - Loaded plugin analytics (category:tool,tabindex:-1)
2024-12-01 20:31:26,770 [INFO] PluginManage:310 - Check plugin cadmodel
2024-12-01 20:31:26,782 [INFO] CADModel:105 - Init CAD model plugin
2024-12-01 20:31:26,783 [INFO] PluginManage:359 - Loaded plugin cadmodel (category:power,tabindex:5)
2024-12-01 20:31:26,783 [INFO] PluginManage:310 - Check plugin clock
2024-12-01 20:31:26,798 [INFO] PluginManage:359 - Loaded plugin clock (category:base,tabindex:2)
2024-12-01 20:31:26,798 [INFO] PluginManage:310 - Check plugin ddr
2024-12-01 20:31:26,799 [INFO] PluginManage:359 - Loaded plugin ddr (category:tool,tabindex:6)
2024-12-01 20:31:26,799 [INFO] PluginManage:310 - Check plugin filemanager
2024-12-01 20:31:26,889 [INFO] PluginManage:359 - Loaded plugin filemanager (category:base,tabindex:10)
2024-12-01 20:31:26,889 [INFO] PluginManage:310 - Check plugin ipmanager
2024-12-01 20:31:26,893 [INFO] PluginManage:359 - Loaded plugin ipmanager (category:base,tabindex:5)
2024-12-01 20:31:26,894 [INFO] PluginManage:310 - Check plugin lpbam
2024-12-01 20:31:26,908 [INFO] PluginManage:359 - Loaded plugin lpbam (category:base,tabindex:0)
2024-12-01 20:31:26,908 [INFO] PluginManage:310 - Check plugin memorymap
2024-12-01 20:31:26,925 [INFO] PluginManage:359 - Loaded plugin memorymap (category:base,tabindex:4)
2024-12-01 20:31:26,925 [INFO] PluginManage:310 - Check plugin pinoutandconfiguration
2024-12-01 20:31:26,938 [INFO] PluginManage:359 - Loaded plugin pinoutandconfiguration (category:base,tabindex:1)
2024-12-01 20:31:26,939 [INFO] PluginManage:310 - Check plugin pinoutconfig
2024-12-01 20:31:27,007 [WARN] SupportedApi:132 - Cannot load RTOS API schema: s4s-elt-must-match.1: The content of 'definitions' must match (annotation?, (simpleType | complexType)?, (unique | key | keyref)*)). A problem was found starting at: attribute.
2024-12-01 20:31:27,100 [INFO] PluginManage:359 - Loaded plugin pinoutconfig (category:base,tabindex:0)
2024-12-01 20:31:27,100 [INFO] PluginManage:310 - Check plugin power
2024-12-01 20:31:27,120 [INFO] PluginManage:359 - Loaded plugin power (category:power,tabindex:4)
2024-12-01 20:31:27,120 [INFO] PluginManage:310 - Check plugin projectmanager
2024-12-01 20:31:27,142 [INFO] PluginManage:359 - Loaded plugin projectmanager (category:projectmanager,tabindex:3)
2024-12-01 20:31:27,142 [INFO] PluginManage:310 - Check plugin thirdparty
2024-12-01 20:31:27,367 [INFO] PluginManage:359 - Loaded plugin thirdparty (category:base,tabindex:-1)
2024-12-01 20:31:27,367 [WARN] IntegrityCheckThread:84 - waiting for thirdparty lock release [integrity check]
2024-12-01 20:31:27,368 [INFO] PluginManage:310 - Check plugin tools
2024-12-01 20:31:27,368 [INFO] IntegrityCheckThread:86 - entering critical section [integrity check]
2024-12-01 20:31:27,368 [INFO] ThirdPartyUpdaterWithRetryManager:70 - Updater plugin not ready yet. [1/15]
2024-12-01 20:31:27,398 [INFO] PluginManage:359 - Loaded plugin tools (category:base,tabindex:7)
2024-12-01 20:31:27,398 [INFO] PluginManage:310 - Check plugin tutovideos
2024-12-01 20:31:27,534 [INFO] PluginManage:359 - Loaded plugin tutovideos (category:base,tabindex:-1)
2024-12-01 20:31:27,534 [INFO] PluginManage:310 - Check plugin updater
2024-12-01 20:31:27,543 [INFO] PluginManage:359 - Loaded plugin updater (category:base,tabindex:12)
2024-12-01 20:31:27,543 [INFO] PluginManage:310 - Check plugin userauth
2024-12-01 20:31:27,547 [INFO] UserAuth:114 - Init User Auth plugin
2024-12-01 20:31:27,547 [INFO] PluginManage:359 - Loaded plugin userauth (category:base,tabindex:14)
2024-12-01 20:31:27,548 [INFO] PluginManage:283 - PluginManage : Loaded plugins [17]
2024-12-01 20:31:27,687 [INFO] PinOutPanel:1499 - setPackage(No Configuration,No Configuration)
2024-12-01 20:31:27,732 [INFO] CADModel:165 - CPN selected for project level
2024-12-01 20:31:27,733 [INFO] CADModel:114 - Register for checkConnection events
2024-12-01 20:31:27,750 [INFO] IPUIPlugin:80 - create IPUIPlugin
2024-12-01 20:31:27,751 [INFO] PluginManager:220 - loadIPPluginJar : add adc
2024-12-01 20:31:27,778 [INFO] IPUIPlugin:80 - create IPUIPlugin
2024-12-01 20:31:27,778 [INFO] PluginManager:220 - loadIPPluginJar : add aes
2024-12-01 20:31:27,811 [INFO] IPUIPlugin:80 - create IPUIPlugin
2024-12-01 20:31:27,811 [INFO] PluginManager:220 - loadIPPluginJar : add can
2024-12-01 20:31:27,831 [INFO] IPUIPlugin:80 - create IPUIPlugin
2024-12-01 20:31:27,832 [INFO] PluginManager:220 - loadIPPluginJar : add comp
2024-12-01 20:31:27,861 [INFO] IPUIPlugin:80 - create IPUIPlugin
2024-12-01 20:31:27,861 [INFO] PluginManager:220 - loadIPPluginJar : add cryp
2024-12-01 20:31:27,887 [INFO] IPUIPlugin:80 - create IPUIPlugin
2024-12-01 20:31:27,887 [INFO] PluginManager:220 - loadIPPluginJar : add dfsdm
2024-12-01 20:31:27,899 [INFO] IPUIPlugin:80 - create IPUIPlugin
2024-12-01 20:31:27,899 [INFO] PluginManager:220 - loadIPPluginJar : add dma
2024-12-01 20:31:27,935 [INFO] IPUIPlugin:80 - create IPUIPlugin
2024-12-01 20:31:27,935 [INFO] PluginManager:220 - loadIPPluginJar : add dma3
2024-12-01 20:31:27,954 [INFO] IPUIPlugin:80 - create IPUIPlugin
2024-12-01 20:31:27,954 [INFO] PluginManager:220 - loadIPPluginJar : add fatfs
2024-12-01 20:31:27,997 [INFO] IPUIPlugin:80 - create IPUIPlugin
2024-12-01 20:31:27,997 [INFO] PluginManager:220 - loadIPPluginJar : add fmc
2024-12-01 20:31:28,010 [INFO] IPUIPlugin:80 - create IPUIPlugin
2024-12-01 20:31:28,010 [INFO] PluginManager:220 - loadIPPluginJar : add freertos
2024-12-01 20:31:28,029 [INFO] IPUIPlugin:80 - create IPUIPlugin
2024-12-01 20:31:28,030 [INFO] PluginManager:220 - loadIPPluginJar : add genericplugin
2024-12-01 20:31:28,115 [INFO] IPUIPlugin:80 - create IPUIPlugin
2024-12-01 20:31:28,115 [INFO] PluginManager:220 - loadIPPluginJar : add gfxmmu
2024-12-01 20:31:28,225 [INFO] IPUIPlugin:80 - create IPUIPlugin
2024-12-01 20:31:28,225 [INFO] PluginManager:220 - loadIPPluginJar : add gic
2024-12-01 20:31:28,235 [INFO] IPUIPlugin:80 - create IPUIPlugin
2024-12-01 20:31:28,235 [INFO] PluginManager:220 - loadIPPluginJar : add gpio
2024-12-01 20:31:28,312 [INFO] IPUIPlugin:80 - create IPUIPlugin
2024-12-01 20:31:28,312 [INFO] PluginManager:220 - loadIPPluginJar : add gtzc
2024-12-01 20:31:28,337 [INFO] IPUIPlugin:80 - create IPUIPlugin
2024-12-01 20:31:28,337 [INFO] PluginManager:220 - loadIPPluginJar : add hash
2024-12-01 20:31:28,378 [INFO] IPUIPlugin:80 - create IPUIPlugin
2024-12-01 20:31:28,378 [INFO] PluginManager:220 - loadIPPluginJar : add i2c
2024-12-01 20:31:28,407 [INFO] IPUIPlugin:80 - create IPUIPlugin
2024-12-01 20:31:28,407 [INFO] PluginManager:220 - loadIPPluginJar : add i2s
2024-12-01 20:31:28,439 [INFO] IPUIPlugin:80 - create IPUIPlugin
2024-12-01 20:31:28,439 [INFO] PluginManager:220 - loadIPPluginJar : add i3c
2024-12-01 20:31:28,516 [INFO] IPUIPlugin:80 - create IPUIPlugin
2024-12-01 20:31:28,516 [INFO] PluginManager:220 - loadIPPluginJar : add ipddr
2024-12-01 20:31:28,584 [INFO] IPUIPlugin:80 - create IPUIPlugin
2024-12-01 20:31:28,584 [INFO] PluginManager:220 - loadIPPluginJar : add linkedlist
2024-12-01 20:31:28,615 [INFO] IPUIPlugin:80 - create IPUIPlugin
2024-12-01 20:31:28,615 [INFO] PluginManager:220 - loadIPPluginJar : add lorawan
2024-12-01 20:31:28,643 [INFO] IPUIPlugin:80 - create IPUIPlugin
2024-12-01 20:31:28,643 [INFO] PluginManager:220 - loadIPPluginJar : add ltdc
2024-12-01 20:31:28,655 [INFO] IPUIPlugin:80 - create IPUIPlugin
2024-12-01 20:31:28,655 [INFO] PluginManager:220 - loadIPPluginJar : add mdma
2024-12-01 20:31:28,665 [INFO] IPUIPlugin:80 - create IPUIPlugin
2024-12-01 20:31:28,665 [INFO] PluginManager:220 - loadIPPluginJar : add nvic
2024-12-01 20:31:28,697 [INFO] IPUIPlugin:80 - create IPUIPlugin
2024-12-01 20:31:28,697 [INFO] PluginManager:220 - loadIPPluginJar : add opamp
2024-12-01 20:31:28,749 [INFO] IPUIPlugin:80 - create IPUIPlugin
2024-12-01 20:31:28,749 [INFO] PluginManager:220 - loadIPPluginJar : add openamp
2024-12-01 20:31:28,782 [INFO] IPUIPlugin:80 - create IPUIPlugin
2024-12-01 20:31:28,782 [INFO] PluginManager:220 - loadIPPluginJar : add pdm2pcm
2024-12-01 20:31:28,792 [INFO] IPUIPlugin:80 - create IPUIPlugin
2024-12-01 20:31:28,794 [INFO] PluginManager:220 - loadIPPluginJar : add plateformsettings
2024-12-01 20:31:28,812 [INFO] IPUIPlugin:80 - create IPUIPlugin
2024-12-01 20:31:28,812 [INFO] PluginManager:220 - loadIPPluginJar : add quadspi
2024-12-01 20:31:28,823 [INFO] IPUIPlugin:80 - create IPUIPlugin
2024-12-01 20:31:28,823 [INFO] PluginManager:220 - loadIPPluginJar : add resmgrutility
2024-12-01 20:31:28,858 [INFO] IPUIPlugin:80 - create IPUIPlugin
2024-12-01 20:31:28,858 [INFO] PluginManager:220 - loadIPPluginJar : add sai
2024-12-01 20:31:28,888 [INFO] IPUIPlugin:80 - create IPUIPlugin
2024-12-01 20:31:28,888 [INFO] PluginManager:220 - loadIPPluginJar : add spi
2024-12-01 20:31:28,939 [INFO] IPUIPlugin:80 - create IPUIPlugin
2024-12-01 20:31:28,939 [INFO] PluginManager:220 - loadIPPluginJar : add stm32_wpan
2024-12-01 20:31:28,960 [INFO] IPUIPlugin:80 - create IPUIPlugin
2024-12-01 20:31:28,960 [INFO] PluginManager:220 - loadIPPluginJar : add tim
2024-12-01 20:31:29,004 [INFO] IPUIPlugin:80 - create IPUIPlugin
2024-12-01 20:31:29,004 [INFO] PluginManager:220 - loadIPPluginJar : add touchsensing
2024-12-01 20:31:29,022 [INFO] IPUIPlugin:80 - create IPUIPlugin
2024-12-01 20:31:29,022 [INFO] PluginManager:220 - loadIPPluginJar : add tracer_emb
2024-12-01 20:31:29,040 [INFO] IPUIPlugin:80 - create IPUIPlugin
2024-12-01 20:31:29,040 [INFO] PluginManager:220 - loadIPPluginJar : add ts
2024-12-01 20:31:29,059 [INFO] IPUIPlugin:80 - create IPUIPlugin
2024-12-01 20:31:29,059 [INFO] PluginManager:220 - loadIPPluginJar : add tsc
2024-12-01 20:31:29,077 [INFO] IPUIPlugin:80 - create IPUIPlugin
2024-12-01 20:31:29,077 [INFO] PluginManager:220 - loadIPPluginJar : add ucpd
2024-12-01 20:31:29,111 [INFO] IPUIPlugin:80 - create IPUIPlugin
2024-12-01 20:31:29,111 [INFO] PluginManager:220 - loadIPPluginJar : add usart
2024-12-01 20:31:29,146 [INFO] IPUIPlugin:80 - create IPUIPlugin
2024-12-01 20:31:29,146 [INFO] PluginManager:220 - loadIPPluginJar : add usbx
2024-12-01 20:31:29,255 [INFO] CADModel:165 - CPN selected for project level
2024-12-01 20:31:29,255 [INFO] CADModel:114 - Register for checkConnection events
2024-12-01 20:31:29,255 [FATAL] Updater:308 - Updater called before beeing initialized
2024-12-01 20:31:29,255 [ERROR] CADModel:125 - Updater not yet initialized, retry later 
2024-12-01 20:31:29,351 [INFO] CADModel:165 - CPN selected for project level
2024-12-01 20:31:29,351 [INFO] CADModel:114 - Register for checkConnection events
2024-12-01 20:31:29,351 [FATAL] Updater:308 - Updater called before beeing initialized
2024-12-01 20:31:29,351 [ERROR] CADModel:125 - Updater not yet initialized, retry later 
2024-12-01 20:31:29,353 [FATAL] Updater:308 - Updater called before beeing initialized
2024-12-01 20:31:29,419 [FATAL] Updater:308 - Updater called before beeing initialized
2024-12-01 20:31:29,428 [INFO] DbMcusAds:53 - JSON generation date=Wed Nov 29 13:52:27 MSK 2023 (1701255147349)
2024-12-01 20:31:29,428 [FATAL] Updater:308 - Updater called before beeing initialized
2024-12-01 20:31:29,493 [WARN] DetailPanel:346 - Failed to get advertising image, set to default
2024-12-01 20:31:29,548 [FATAL] Updater:308 - Updater called before beeing initialized
2024-12-01 20:31:29,550 [FATAL] Updater:308 - Updater called before beeing initialized
2024-12-01 20:31:29,550 [FATAL] Updater:308 - Updater called before beeing initialized
2024-12-01 20:31:29,550 [WARN] DetailPanel:346 - Failed to get advertising image, set to default
2024-12-01 20:31:29,550 [FATAL] Updater:308 - Updater called before beeing initialized
2024-12-01 20:31:29,591 [ERROR] Updater:1120 - MainUpdater not yet initialized. External WinMGr cannot be set.
2024-12-01 20:31:29,598 [INFO] Updater:1056 - Updater Version found : 6.10.0
2024-12-01 20:31:29,613 [INFO] ApplicationProperties:184 - Using Application install path: C:\ST\STM32CubeIDE_1.14.1\STM32CubeIDE\plugins\com.st.stm32cube.common.mx_6.10.0.202311202037
2024-12-01 20:31:30,370 [INFO] ThirdPartyUpdaterWithRetryManager:70 - Updater plugin not ready yet. [2/15]
2024-12-01 20:31:31,185 [ERROR] LogOutputStream:75 - [STDERR_REDIRECT] Dec 01, 2024 8:31:31 PM java.util.prefs.WindowsPreferences <init>
2024-12-01 20:31:31,186 [ERROR] LogOutputStream:75 - [STDERR_REDIRECT] WARNING: Could not open/create prefs root node Software\JavaSoft\Prefs at root 0xffffffff80000002. Windows RegCreateKeyEx(...) returned error code 5.
2024-12-01 20:31:31,186 [ERROR] LogOutputStream:75 - [STDERR_REDIRECT] 
2024-12-01 20:31:31,497 [ERROR] CheckConnectionManager:249 - Problem, Http access forbiden
2024-12-01 20:31:31,499 [INFO] MainUpdater:2873 - connection check result : 22
2024-12-01 20:31:31,499 [INFO] MainUpdater:290 - Updater Check For Update Now.
2024-12-01 20:31:31,500 [INFO] MicroXplorer:498 - Change Database Version : DB.6.0.100
2024-12-01 20:31:31,518 [INFO] McuFinderGlobals:63 - Set McuFinder mode to 2 (CubeIDE integrated)
2024-12-01 20:31:31,565 [INFO] UserAuth:404 - Internet connection configuration mode: 2
2024-12-01 20:31:31,691 [INFO] CheckServerUpdateThread:120 - End of CheckServer Thread
2024-12-01 20:31:33,467 [WARN] PackLoader:240 - Cannot read IP mode file for STMicroelectronics.FP-SNS-MOTENV1.4.3.2
2024-12-01 20:31:33,481 [WARN] PackLoader:240 - Cannot read IP mode file for STMicroelectronics.FP-SNS-FLIGHT1.5.0.2
2024-12-01 20:31:33,503 [WARN] PackLoader:240 - Cannot read IP mode file for STMicroelectronics.X-CUBE-DISPLAY.3.0.0
2024-12-01 20:31:33,522 [WARN] PackLoader:240 - Cannot read IP mode file for STMicroelectronics.X-CUBE-BLE1.7.0.0
2024-12-01 20:31:33,533 [WARN] PackLoader:240 - Cannot read IP mode file for STMicroelectronics.FP-SNS-SMARTAG2.1.2.0
2024-12-01 20:31:33,550 [WARN] PackLoader:240 - Cannot read IP mode file for STMicroelectronics.X-CUBE-BLE2.3.3.0
2024-12-01 20:31:33,570 [WARN] PackLoader:240 - Cannot read IP mode file for STMicroelectronics.X-CUBE-NFC4.3.0.0
2024-12-01 20:31:33,584 [WARN] PackLoader:240 - Cannot read IP mode file for STMicroelectronics.FP-ATR-SIGFOX1.3.2.0
2024-12-01 20:31:33,599 [WARN] PackLoader:240 - Cannot read IP mode file for STMicroelectronics.X-CUBE-GNSS1.6.0.0
2024-12-01 20:31:33,609 [WARN] PackLoader:240 - Cannot read IP mode file for STMicroelectronics.X-CUBE-AI.8.1.0
2024-12-01 20:31:33,682 [WARN] PackLoader:240 - Cannot read IP mode file for STMicroelectronics.X-CUBE-MEMS1.10.0.0
2024-12-01 20:31:33,838 [WARN] PackLoader:240 - Cannot read IP mode file for STMicroelectronics.X-CUBE-FREERTOS.1.1.0
2024-12-01 20:31:33,856 [WARN] PackLoader:240 - Cannot read IP mode file for STMicroelectronics.X-CUBE-ALS.1.0.1
2024-12-01 20:31:33,874 [WARN] PackLoader:240 - Cannot read IP mode file for STMicroelectronics.FP-ATR-ASTRA1.2.0.0
2024-12-01 20:31:33,875 [INFO] ThirdParty:978 - Integrity check success = true
2024-12-01 20:31:33,875 [INFO] IntegrityCheckThread:100 - exiting critical section [integrity check]
2024-12-01 20:31:33,875 [INFO] IntegrityCheckThread:103 - End integrity checks thread
2024-12-01 20:31:52,294 [ERROR] LogOutputStream:75 - [STDERR_REDIRECT] SLF4J: Failed to load class "org.slf4j.impl.StaticLoggerBinder".
2024-12-01 20:31:52,294 [ERROR] LogOutputStream:75 - [STDERR_REDIRECT] SLF4J: Defaulting to no-operation (NOP) logger implementation
2024-12-01 20:31:52,295 [ERROR] LogOutputStream:75 - [STDERR_REDIRECT] SLF4J: See http://www.slf4j.org/codes.html#StaticLoggerBinder for further details.
2024-12-01 20:59:34,703 [ERROR] LogOutputStream:75 - [STDERR_REDIRECT] 
