2023-12-31 16:33:02,435 [INFO] Activator:176 - 


2023-12-31 16:33:02,442 [INFO] Activator:177 - !SESSION log4j initialized
2023-12-31 16:33:09,349 [INFO] LogOutputStream:77 - [STDOUT_REDIRECT] 
2023-12-31 16:33:12,754 [INFO] ApplicationProperties:184 - Using Application install path: C:\ST\STM32CubeIDE\plugins\com.st.stm32cube.common.mx_6.10.0.202311202037
2023-12-31 16:33:12,782 [INFO] DbMcusXml:78 - Set database path to: C:\ST\STM32CubeIDE\plugins\com.st.stm32cube.common.mx_6.10.0.202311202037\\db\/mcu/
2023-12-31 16:33:12,783 [INFO] ApiDb:274 - Set plugin database path to: C:\ST\STM32CubeIDE\plugins\com.st.stm32cube.common.mx_6.10.0.202311202037\\db\/plugins/boardmanager/
2023-12-31 16:33:12,783 [WARN] ApiDb:259 - Overriding images path with different value:  => C:\ST\STM32CubeIDE\plugins\com.st.stm32cube.common.mx_6.10.0.202311202037\\db\/plugins/mcufinder/images/
2023-12-31 16:33:12,794 [INFO] ApiDb:250 - Set database path to: C:\Users\beo\.stmcufinder\plugins\mcufinder//mcu/
2023-12-31 16:33:12,796 [INFO] DbMcusAds:125 - Set database path to: C:\Users\beo\.stmcufinder\plugins\mcufinder//mcu/
2023-12-31 16:33:12,800 [INFO] CrossReferenceDbSqlite:203 - Set database path to: C:\Users\beo\.stmcufinder\plugins\mcufinder//mcu/cs/
2023-12-31 16:33:12,931 [INFO] RulesReader:64 - Compatibility file has been processed (297 Rules)
2023-12-31 16:33:13,021 [INFO] DbMcusXml:78 - Set database path to: C:\ST\STM32CubeIDE\plugins\com.st.stm32cube.common.mx_6.10.0.202311202037\\db\/mcu/
2023-12-31 16:33:13,021 [INFO] ApiDb:274 - Set plugin database path to: C:\ST\STM32CubeIDE\plugins\com.st.stm32cube.common.mx_6.10.0.202311202037\\db\/plugins/boardmanager/
2023-12-31 16:33:13,021 [INFO] ApiDb:261 - Set plugin images path to: C:\ST\STM32CubeIDE\plugins\com.st.stm32cube.common.mx_6.10.0.202311202037\\db\/plugins/mcufinder/images/
2023-12-31 16:33:13,022 [WARN] DbFile:41 - Overriding database path with different value: C:\Users\beo\.stmcufinder\plugins\mcufinder/ => C:\Users\beo\.stmcufinder\plugins\mcufinder
2023-12-31 16:33:13,022 [INFO] ApiDb:250 - Set database path to: C:\Users\beo\.stmcufinder\plugins\mcufinder//mcu/
2023-12-31 16:33:13,022 [WARN] DbFile:41 - Overriding database path with different value: C:\Users\beo\.stmcufinder\plugins\mcufinder/ => C:\Users\beo\.stmcufinder\plugins\mcufinder
2023-12-31 16:33:13,022 [INFO] DbMcusAds:125 - Set database path to: C:\Users\beo\.stmcufinder\plugins\mcufinder//mcu/
2023-12-31 16:33:13,022 [WARN] DbFile:41 - Overriding database path with different value: C:\Users\beo\.stmcufinder\plugins\mcufinder/ => C:\Users\beo\.stmcufinder\plugins\mcufinder
2023-12-31 16:33:13,022 [WARN] DbFile:41 - Overriding database path with different value: C:\Users\beo\.stmcufinder\plugins\mcufinder/ => C:\Users\beo\.stmcufinder\plugins\mcufinder
2023-12-31 16:33:13,022 [INFO] CrossReferenceDbSqlite:203 - Set database path to: C:\Users\beo\.stmcufinder\plugins\mcufinder//mcu/cs/
2023-12-31 16:33:13,104 [INFO] MainPanel:264 - HeapMemory: 268435456
2023-12-31 16:33:13,211 [INFO] DbMcusXml:78 - Set database path to: C:\ST\STM32CubeIDE\plugins\com.st.stm32cube.common.mx_6.10.0.202311202037\\db\/mcu/
2023-12-31 16:33:13,211 [INFO] ApiDb:274 - Set plugin database path to: C:\ST\STM32CubeIDE\plugins\com.st.stm32cube.common.mx_6.10.0.202311202037\\db\/plugins/boardmanager/
2023-12-31 16:33:13,211 [INFO] ApiDb:261 - Set plugin images path to: C:\ST\STM32CubeIDE\plugins\com.st.stm32cube.common.mx_6.10.0.202311202037\\db\/plugins/mcufinder/images/
2023-12-31 16:33:13,212 [WARN] DbFile:41 - Overriding database path with different value: C:\Users\beo\.stmcufinder\plugins\mcufinder/ => C:\Users\beo\.stmcufinder\plugins\mcufinder
2023-12-31 16:33:13,212 [INFO] ApiDb:250 - Set database path to: C:\Users\beo\.stmcufinder\plugins\mcufinder//mcu/
2023-12-31 16:33:13,212 [WARN] DbFile:41 - Overriding database path with different value: C:\Users\beo\.stmcufinder\plugins\mcufinder/ => C:\Users\beo\.stmcufinder\plugins\mcufinder
2023-12-31 16:33:13,212 [INFO] DbMcusAds:125 - Set database path to: C:\Users\beo\.stmcufinder\plugins\mcufinder//mcu/
2023-12-31 16:33:13,212 [WARN] DbFile:41 - Overriding database path with different value: C:\Users\beo\.stmcufinder\plugins\mcufinder/ => C:\Users\beo\.stmcufinder\plugins\mcufinder
2023-12-31 16:33:13,212 [WARN] DbFile:41 - Overriding database path with different value: C:\Users\beo\.stmcufinder\plugins\mcufinder/ => C:\Users\beo\.stmcufinder\plugins\mcufinder
2023-12-31 16:33:13,212 [INFO] CrossReferenceDbSqlite:203 - Set database path to: C:\Users\beo\.stmcufinder\plugins\mcufinder//mcu/cs/
2023-12-31 16:33:13,232 [INFO] ApplicationProperties:184 - Using Application install path: C:\ST\STM32CubeIDE\plugins\com.st.stm32cube.common.mx_6.10.0.202311202037
2023-12-31 16:33:13,234 [INFO] PluginManage:196 - Search for loadable plugins [exclusion list=, ]
2023-12-31 16:33:13,235 [INFO] PluginManage:310 - Check plugin analytics
2023-12-31 16:33:13,467 [INFO] AnalyticsPlugin:253 - Accepted Software Licenses: 
2023-12-31 16:33:13,467 [INFO] AnalyticsPlugin:255 - Accepted CMSIS Pack Licenses: 
2023-12-31 16:33:13,467 [INFO] AnalyticsPlugin:257 - Accepted Firmware Licenses: 
2023-12-31 16:33:13,472 [INFO] PluginManage:359 - Loaded plugin analytics (category:tool,tabindex:-1)
2023-12-31 16:33:13,472 [INFO] PluginManage:310 - Check plugin cadmodel
2023-12-31 16:33:13,477 [INFO] CADModel:105 - Init CAD model plugin
2023-12-31 16:33:13,478 [INFO] PluginManage:359 - Loaded plugin cadmodel (category:power,tabindex:5)
2023-12-31 16:33:13,478 [INFO] PluginManage:310 - Check plugin clock
2023-12-31 16:33:13,489 [INFO] PluginManage:359 - Loaded plugin clock (category:base,tabindex:2)
2023-12-31 16:33:13,489 [INFO] PluginManage:310 - Check plugin ddr
2023-12-31 16:33:13,492 [INFO] PluginManage:359 - Loaded plugin ddr (category:tool,tabindex:6)
2023-12-31 16:33:13,492 [INFO] PluginManage:310 - Check plugin filemanager
2023-12-31 16:33:13,640 [INFO] PluginManage:359 - Loaded plugin filemanager (category:base,tabindex:10)
2023-12-31 16:33:13,640 [INFO] PluginManage:310 - Check plugin ipmanager
2023-12-31 16:33:13,648 [INFO] PluginManage:359 - Loaded plugin ipmanager (category:base,tabindex:5)
2023-12-31 16:33:13,648 [INFO] PluginManage:310 - Check plugin lpbam
2023-12-31 16:33:13,657 [INFO] PluginManage:359 - Loaded plugin lpbam (category:base,tabindex:0)
2023-12-31 16:33:13,657 [INFO] PluginManage:310 - Check plugin memorymap
2023-12-31 16:33:13,677 [INFO] PluginManage:359 - Loaded plugin memorymap (category:base,tabindex:4)
2023-12-31 16:33:13,678 [INFO] PluginManage:310 - Check plugin pinoutandconfiguration
2023-12-31 16:33:13,694 [INFO] PluginManage:359 - Loaded plugin pinoutandconfiguration (category:base,tabindex:1)
2023-12-31 16:33:13,694 [INFO] PluginManage:310 - Check plugin pinoutconfig
2023-12-31 16:33:13,794 [WARN] SupportedApi:132 - Cannot load RTOS API schema: s4s-elt-must-match.1: The content of 'definitions' must match (annotation?, (simpleType | complexType)?, (unique | key | keyref)*)). A problem was found starting at: attribute.
2023-12-31 16:33:13,944 [INFO] PluginManage:359 - Loaded plugin pinoutconfig (category:base,tabindex:0)
2023-12-31 16:33:13,944 [INFO] PluginManage:310 - Check plugin power
2023-12-31 16:33:13,957 [INFO] PluginManage:359 - Loaded plugin power (category:power,tabindex:4)
2023-12-31 16:33:13,957 [INFO] PluginManage:310 - Check plugin projectmanager
2023-12-31 16:33:13,975 [INFO] PluginManage:359 - Loaded plugin projectmanager (category:projectmanager,tabindex:3)
2023-12-31 16:33:13,975 [INFO] PluginManage:310 - Check plugin thirdparty
2023-12-31 16:33:14,108 [INFO] PluginManage:359 - Loaded plugin thirdparty (category:base,tabindex:-1)
2023-12-31 16:33:14,108 [WARN] IntegrityCheckThread:84 - waiting for thirdparty lock release [integrity check]
2023-12-31 16:33:14,108 [INFO] PluginManage:310 - Check plugin tools
2023-12-31 16:33:14,108 [INFO] IntegrityCheckThread:86 - entering critical section [integrity check]
2023-12-31 16:33:14,109 [INFO] ThirdPartyUpdaterWithRetryManager:70 - Updater plugin not ready yet. [1/15]
2023-12-31 16:33:14,111 [INFO] PluginManage:359 - Loaded plugin tools (category:base,tabindex:7)
2023-12-31 16:33:14,111 [INFO] PluginManage:310 - Check plugin tutovideos
2023-12-31 16:33:14,312 [INFO] PluginManage:359 - Loaded plugin tutovideos (category:base,tabindex:-1)
2023-12-31 16:33:14,312 [INFO] PluginManage:310 - Check plugin updater
2023-12-31 16:33:14,325 [INFO] PluginManage:359 - Loaded plugin updater (category:base,tabindex:12)
2023-12-31 16:33:14,326 [INFO] PluginManage:310 - Check plugin userauth
2023-12-31 16:33:14,336 [INFO] UserAuth:114 - Init User Auth plugin
2023-12-31 16:33:14,336 [INFO] PluginManage:359 - Loaded plugin userauth (category:base,tabindex:14)
2023-12-31 16:33:14,337 [INFO] PluginManage:283 - PluginManage : Loaded plugins [17]
2023-12-31 16:33:14,557 [INFO] PinOutPanel:1499 - setPackage(No Configuration,No Configuration)
2023-12-31 16:33:14,635 [INFO] CADModel:165 - CPN selected for project level
2023-12-31 16:33:14,635 [INFO] CADModel:114 - Register for checkConnection events
2023-12-31 16:33:14,653 [INFO] IPUIPlugin:80 - create IPUIPlugin
2023-12-31 16:33:14,653 [INFO] PluginManager:220 - loadIPPluginJar : add adc
2023-12-31 16:33:14,656 [INFO] IPUIPlugin:80 - create IPUIPlugin
2023-12-31 16:33:14,656 [INFO] PluginManager:220 - loadIPPluginJar : add aes
2023-12-31 16:33:14,659 [INFO] IPUIPlugin:80 - create IPUIPlugin
2023-12-31 16:33:14,659 [INFO] PluginManager:220 - loadIPPluginJar : add can
2023-12-31 16:33:14,661 [INFO] IPUIPlugin:80 - create IPUIPlugin
2023-12-31 16:33:14,661 [INFO] PluginManager:220 - loadIPPluginJar : add comp
2023-12-31 16:33:14,664 [INFO] IPUIPlugin:80 - create IPUIPlugin
2023-12-31 16:33:14,664 [INFO] PluginManager:220 - loadIPPluginJar : add cryp
2023-12-31 16:33:14,667 [INFO] IPUIPlugin:80 - create IPUIPlugin
2023-12-31 16:33:14,667 [INFO] PluginManager:220 - loadIPPluginJar : add dfsdm
2023-12-31 16:33:14,672 [INFO] IPUIPlugin:80 - create IPUIPlugin
2023-12-31 16:33:14,673 [INFO] PluginManager:220 - loadIPPluginJar : add dma
2023-12-31 16:33:14,675 [INFO] IPUIPlugin:80 - create IPUIPlugin
2023-12-31 16:33:14,675 [INFO] PluginManager:220 - loadIPPluginJar : add dma3
2023-12-31 16:33:14,677 [INFO] IPUIPlugin:80 - create IPUIPlugin
2023-12-31 16:33:14,677 [INFO] PluginManager:220 - loadIPPluginJar : add fatfs
2023-12-31 16:33:14,681 [INFO] IPUIPlugin:80 - create IPUIPlugin
2023-12-31 16:33:14,682 [INFO] PluginManager:220 - loadIPPluginJar : add fmc
2023-12-31 16:33:14,687 [INFO] IPUIPlugin:80 - create IPUIPlugin
2023-12-31 16:33:14,687 [INFO] PluginManager:220 - loadIPPluginJar : add freertos
2023-12-31 16:33:14,689 [INFO] IPUIPlugin:80 - create IPUIPlugin
2023-12-31 16:33:14,689 [INFO] PluginManager:220 - loadIPPluginJar : add genericplugin
2023-12-31 16:33:14,691 [INFO] IPUIPlugin:80 - create IPUIPlugin
2023-12-31 16:33:14,691 [INFO] PluginManager:220 - loadIPPluginJar : add gfxmmu
2023-12-31 16:33:14,696 [INFO] IPUIPlugin:80 - create IPUIPlugin
2023-12-31 16:33:14,696 [INFO] PluginManager:220 - loadIPPluginJar : add gic
2023-12-31 16:33:14,700 [INFO] IPUIPlugin:80 - create IPUIPlugin
2023-12-31 16:33:14,700 [INFO] PluginManager:220 - loadIPPluginJar : add gpio
2023-12-31 16:33:14,703 [INFO] IPUIPlugin:80 - create IPUIPlugin
2023-12-31 16:33:14,703 [INFO] PluginManager:220 - loadIPPluginJar : add gtzc
2023-12-31 16:33:14,706 [INFO] IPUIPlugin:80 - create IPUIPlugin
2023-12-31 16:33:14,706 [INFO] PluginManager:220 - loadIPPluginJar : add hash
2023-12-31 16:33:14,709 [INFO] IPUIPlugin:80 - create IPUIPlugin
2023-12-31 16:33:14,710 [INFO] PluginManager:220 - loadIPPluginJar : add i2c
2023-12-31 16:33:14,713 [INFO] IPUIPlugin:80 - create IPUIPlugin
2023-12-31 16:33:14,713 [INFO] PluginManager:220 - loadIPPluginJar : add i2s
2023-12-31 16:33:14,716 [INFO] IPUIPlugin:80 - create IPUIPlugin
2023-12-31 16:33:14,716 [INFO] PluginManager:220 - loadIPPluginJar : add i3c
2023-12-31 16:33:14,719 [INFO] IPUIPlugin:80 - create IPUIPlugin
2023-12-31 16:33:14,719 [INFO] PluginManager:220 - loadIPPluginJar : add ipddr
2023-12-31 16:33:14,725 [INFO] IPUIPlugin:80 - create IPUIPlugin
2023-12-31 16:33:14,726 [INFO] PluginManager:220 - loadIPPluginJar : add linkedlist
2023-12-31 16:33:14,728 [INFO] IPUIPlugin:80 - create IPUIPlugin
2023-12-31 16:33:14,729 [INFO] PluginManager:220 - loadIPPluginJar : add lorawan
2023-12-31 16:33:14,733 [INFO] IPUIPlugin:80 - create IPUIPlugin
2023-12-31 16:33:14,733 [INFO] PluginManager:220 - loadIPPluginJar : add ltdc
2023-12-31 16:33:14,745 [INFO] IPUIPlugin:80 - create IPUIPlugin
2023-12-31 16:33:14,746 [INFO] PluginManager:220 - loadIPPluginJar : add mdma
2023-12-31 16:33:14,754 [INFO] IPUIPlugin:80 - create IPUIPlugin
2023-12-31 16:33:14,754 [INFO] PluginManager:220 - loadIPPluginJar : add nvic
2023-12-31 16:33:14,759 [INFO] IPUIPlugin:80 - create IPUIPlugin
2023-12-31 16:33:14,759 [INFO] PluginManager:220 - loadIPPluginJar : add opamp
2023-12-31 16:33:14,766 [INFO] IPUIPlugin:80 - create IPUIPlugin
2023-12-31 16:33:14,766 [INFO] PluginManager:220 - loadIPPluginJar : add openamp
2023-12-31 16:33:14,770 [INFO] IPUIPlugin:80 - create IPUIPlugin
2023-12-31 16:33:14,770 [INFO] PluginManager:220 - loadIPPluginJar : add pdm2pcm
2023-12-31 16:33:14,777 [INFO] IPUIPlugin:80 - create IPUIPlugin
2023-12-31 16:33:14,780 [INFO] PluginManager:220 - loadIPPluginJar : add plateformsettings
2023-12-31 16:33:14,782 [INFO] IPUIPlugin:80 - create IPUIPlugin
2023-12-31 16:33:14,782 [INFO] PluginManager:220 - loadIPPluginJar : add quadspi
2023-12-31 16:33:14,787 [INFO] IPUIPlugin:80 - create IPUIPlugin
2023-12-31 16:33:14,787 [INFO] PluginManager:220 - loadIPPluginJar : add resmgrutility
2023-12-31 16:33:14,791 [INFO] IPUIPlugin:80 - create IPUIPlugin
2023-12-31 16:33:14,791 [INFO] PluginManager:220 - loadIPPluginJar : add sai
2023-12-31 16:33:14,793 [INFO] IPUIPlugin:80 - create IPUIPlugin
2023-12-31 16:33:14,793 [INFO] PluginManager:220 - loadIPPluginJar : add spi
2023-12-31 16:33:14,798 [INFO] IPUIPlugin:80 - create IPUIPlugin
2023-12-31 16:33:14,799 [INFO] PluginManager:220 - loadIPPluginJar : add stm32_wpan
2023-12-31 16:33:14,800 [INFO] IPUIPlugin:80 - create IPUIPlugin
2023-12-31 16:33:14,800 [INFO] PluginManager:220 - loadIPPluginJar : add tim
2023-12-31 16:33:14,803 [INFO] IPUIPlugin:80 - create IPUIPlugin
2023-12-31 16:33:14,804 [INFO] PluginManager:220 - loadIPPluginJar : add touchsensing
2023-12-31 16:33:14,805 [INFO] IPUIPlugin:80 - create IPUIPlugin
2023-12-31 16:33:14,806 [INFO] PluginManager:220 - loadIPPluginJar : add tracer_emb
2023-12-31 16:33:14,807 [INFO] IPUIPlugin:80 - create IPUIPlugin
2023-12-31 16:33:14,808 [INFO] PluginManager:220 - loadIPPluginJar : add ts
2023-12-31 16:33:14,809 [INFO] IPUIPlugin:80 - create IPUIPlugin
2023-12-31 16:33:14,809 [INFO] PluginManager:220 - loadIPPluginJar : add tsc
2023-12-31 16:33:14,811 [INFO] IPUIPlugin:80 - create IPUIPlugin
2023-12-31 16:33:14,811 [INFO] PluginManager:220 - loadIPPluginJar : add ucpd
2023-12-31 16:33:14,814 [INFO] IPUIPlugin:80 - create IPUIPlugin
2023-12-31 16:33:14,814 [INFO] PluginManager:220 - loadIPPluginJar : add usart
2023-12-31 16:33:14,817 [INFO] IPUIPlugin:80 - create IPUIPlugin
2023-12-31 16:33:14,817 [INFO] PluginManager:220 - loadIPPluginJar : add usbx
2023-12-31 16:33:14,955 [INFO] CADModel:165 - CPN selected for project level
2023-12-31 16:33:14,955 [INFO] CADModel:114 - Register for checkConnection events
2023-12-31 16:33:14,956 [FATAL] Updater:308 - Updater called before beeing initialized
2023-12-31 16:33:14,956 [ERROR] CADModel:125 - Updater not yet initialized, retry later 
2023-12-31 16:33:15,165 [INFO] CADModel:165 - CPN selected for project level
2023-12-31 16:33:15,165 [INFO] CADModel:114 - Register for checkConnection events
2023-12-31 16:33:15,165 [FATAL] Updater:308 - Updater called before beeing initialized
2023-12-31 16:33:15,165 [ERROR] CADModel:125 - Updater not yet initialized, retry later 
2023-12-31 16:33:15,169 [FATAL] Updater:308 - Updater called before beeing initialized
2023-12-31 16:33:15,285 [FATAL] Updater:308 - Updater called before beeing initialized
2023-12-31 16:33:15,291 [INFO] DbMcusAds:53 - JSON generation date=Wed Nov 29 13:52:27 MSK 2023 (1701255147349)
2023-12-31 16:33:15,292 [FATAL] Updater:308 - Updater called before beeing initialized
2023-12-31 16:33:15,368 [WARN] DetailPanel:346 - Failed to get advertising image, set to default
2023-12-31 16:33:15,485 [FATAL] Updater:308 - Updater called before beeing initialized
2023-12-31 16:33:15,487 [FATAL] Updater:308 - Updater called before beeing initialized
2023-12-31 16:33:15,487 [FATAL] Updater:308 - Updater called before beeing initialized
2023-12-31 16:33:15,488 [WARN] DetailPanel:346 - Failed to get advertising image, set to default
2023-12-31 16:33:15,488 [FATAL] Updater:308 - Updater called before beeing initialized
2023-12-31 16:33:15,570 [ERROR] Updater:1120 - MainUpdater not yet initialized. External WinMGr cannot be set.
2023-12-31 16:33:15,573 [INFO] Updater:1056 - Updater Version found : 6.10.0
2023-12-31 16:33:15,592 [INFO] ApplicationProperties:184 - Using Application install path: C:\ST\STM32CubeIDE\plugins\com.st.stm32cube.common.mx_6.10.0.202311202037
2023-12-31 16:33:17,111 [INFO] ThirdPartyUpdaterWithRetryManager:70 - Updater plugin not ready yet. [2/15]
2023-12-31 16:33:18,449 [INFO] MainUpdater:2873 - connection check result : 10
2023-12-31 16:33:18,450 [INFO] MainUpdater:3567 - Updater definition file requires update
2023-12-31 16:33:18,451 [INFO] MainUpdater:290 - Updater Check For Update Now.
2023-12-31 16:33:18,451 [INFO] MicroXplorer:498 - Change Database Version : DB.6.0.100
2023-12-31 16:33:18,458 [INFO] McuFinderGlobals:63 - Set McuFinder mode to 2 (CubeIDE integrated)
2023-12-31 16:33:18,465 [INFO] UserAuth:404 - Internet connection configuration mode: 1
2023-12-31 16:33:18,481 [INFO] JxBrowserEngine:152 - Initiate JxBrowser Engine with user profile folder
2023-12-31 16:33:19,395 [INFO] WebApp:161 - Instantiating new browser for Auth
2023-12-31 16:33:20,061 [INFO] WebApp:780 - Register for checkConnection events
2023-12-31 16:33:20,061 [INFO] WebApp:414 - Apply proxy settings
2023-12-31 16:33:20,061 [INFO] WebApp:499 - Chromium requires no authentication
2023-12-31 16:33:20,069 [INFO] WebApp:442 - Direct internet connection detected
2023-12-31 16:33:20,112 [WARN] MainUpdater:1194 - Updater busy. Cannot search thirdparties
2023-12-31 16:33:20,112 [INFO] ThirdPartyUpdaterWithRetryManager:96 - Updater plugin is busy. [1/15]
2023-12-31 16:33:20,266 [INFO] WebApp:192 - Starting web application
2023-12-31 16:33:20,266 [INFO] WebApp:544 - Web application path used C:\ST\STM32CubeIDE\plugins\com.st.stm32cube.common.mx_6.10.0.202311202037\db\plugins\mcufinder\reactClient1\index.html
2023-12-31 16:33:20,375 [INFO] McuFinderGlobals:63 - Set McuFinder mode to 2 (CubeIDE integrated)
2023-12-31 16:33:23,114 [WARN] MainUpdater:1194 - Updater busy. Cannot search thirdparties
2023-12-31 16:33:23,114 [INFO] ThirdPartyUpdaterWithRetryManager:96 - Updater plugin is busy. [2/15]
2023-12-31 16:33:26,116 [WARN] MainUpdater:1194 - Updater busy. Cannot search thirdparties
2023-12-31 16:33:26,116 [INFO] ThirdPartyUpdaterWithRetryManager:96 - Updater plugin is busy. [3/15]
2023-12-31 16:33:29,119 [WARN] MainUpdater:1194 - Updater busy. Cannot search thirdparties
2023-12-31 16:33:29,119 [INFO] ThirdPartyUpdaterWithRetryManager:96 - Updater plugin is busy. [4/15]
2023-12-31 16:33:32,122 [WARN] MainUpdater:1194 - Updater busy. Cannot search thirdparties
2023-12-31 16:33:32,122 [INFO] ThirdPartyUpdaterWithRetryManager:96 - Updater plugin is busy. [5/15]
2023-12-31 16:33:35,122 [WARN] MainUpdater:1194 - Updater busy. Cannot search thirdparties
2023-12-31 16:33:35,122 [INFO] ThirdPartyUpdaterWithRetryManager:96 - Updater plugin is busy. [6/15]
2023-12-31 16:33:38,123 [WARN] MainUpdater:1194 - Updater busy. Cannot search thirdparties
2023-12-31 16:33:38,123 [INFO] ThirdPartyUpdaterWithRetryManager:96 - Updater plugin is busy. [7/15]
2023-12-31 16:33:39,518 [ERROR] ServerAccessManage:1172 - Problem during Server Connection :  IO error Connection timed out: no further information
2023-12-31 16:33:39,519 [ERROR] ServerAccessManage:651 - Problem during Server Connection :  : updaters.zip.
2023-12-31 16:33:39,519 [WARN] LoadServerUpdatesThread:475 - Updater definition download error.
2023-12-31 16:33:39,524 [INFO] LoadServerUpdatesThread:375 - End of LoadServerUpdate Thread
2023-12-31 16:33:39,740 [INFO] CheckServerUpdateThread:120 - End of CheckServer Thread
2023-12-31 16:33:39,839 [INFO] MainUpdater:2873 - connection check result : 22
2023-12-31 16:33:39,842 [INFO] MainUpdater:2873 - connection check result : 22
2023-12-31 16:33:41,066 [ERROR] LogOutputStream:75 - [STDERR_REDIRECT] SLF4J: Failed to load class "org.slf4j.impl.StaticLoggerBinder".
2023-12-31 16:33:41,067 [ERROR] LogOutputStream:75 - [STDERR_REDIRECT] SLF4J: Defaulting to no-operation (NOP) logger implementation
2023-12-31 16:33:41,070 [ERROR] LogOutputStream:75 - [STDERR_REDIRECT] SLF4J: See http://www.slf4j.org/codes.html#StaticLoggerBinder for further details.
2023-12-31 16:33:41,389 [WARN] PackLoader:240 - Cannot read IP mode file for STMicroelectronics.X-CUBE-SMBUS.2.1.0
2023-12-31 16:33:41,397 [WARN] PackLoader:240 - Cannot read IP mode file for STMicroelectronics.X-CUBE-TOUCHGFX.4.23.0
2023-12-31 16:33:41,424 [WARN] PackLoader:240 - Cannot read IP mode file for STMicroelectronics.X-CUBE-AZRTOS-F7.1.1.0
2023-12-31 16:33:41,434 [WARN] PackLoader:240 - Cannot read IP mode file for STMicroelectronics.FP-SNS-MOTENV1.4.3.2
2023-12-31 16:33:41,444 [WARN] PackLoader:240 - Cannot read IP mode file for STMicroelectronics.X-CUBE-BLE1.6.2.3
2023-12-31 16:33:41,449 [WARN] PackLoader:240 - Cannot read IP mode file for STMicroelectronics.X-CUBE-BLE1.6.2.4
2023-12-31 16:33:41,454 [WARN] PackLoader:240 - Cannot read IP mode file for STMicroelectronics.FP-SNS-FLIGHT1.5.0.2
2023-12-31 16:33:41,461 [WARN] PackLoader:240 - Cannot read IP mode file for STMicroelectronics.X-CUBE-DISPLAY.3.0.0
2023-12-31 16:33:41,470 [WARN] PackLoader:240 - Cannot read IP mode file for STMicroelectronics.X-CUBE-BLE1.7.0.0
2023-12-31 16:33:41,530 [WARN] PackLoader:240 - Cannot read IP mode file for STMicroelectronics.X-CUBE-MEMS1.9.3.0
2023-12-31 16:33:41,649 [WARN] PackLoader:240 - Cannot read IP mode file for STMicroelectronics.FP-SNS-SMARTAG2.1.2.0
2023-12-31 16:33:41,658 [INFO] LogOutputStream:77 - [STDOUT_REDIRECT] 1 : Invalid condition id : UX_CORESTACK_Condition cause : null
2023-12-31 16:33:41,658 [INFO] LogOutputStream:77 - [STDOUT_REDIRECT] 1 : Invalid condition id : UX_CORESTACK_Condition cause : null
2023-12-31 16:33:41,660 [INFO] LogOutputStream:77 - [STDOUT_REDIRECT] 1 : Invalid condition id : UX_CORESTACK_Condition cause : null
2023-12-31 16:33:41,662 [INFO] LogOutputStream:77 - [STDOUT_REDIRECT] 1 : Invalid condition id : UX_CORESTACK_Condition cause : null
2023-12-31 16:33:41,663 [INFO] LogOutputStream:77 - [STDOUT_REDIRECT] 1 : Invalid condition id : UX_CORESTACK_Condition cause : null
2023-12-31 16:33:41,666 [WARN] PackLoader:240 - Cannot read IP mode file for STMicroelectronics.X-CUBE-AZRTOS-WL.2.0.0
2023-12-31 16:33:41,675 [WARN] PackLoader:240 - Cannot read IP mode file for WES.I-CUBE-Cesium.1.3.0
2023-12-31 16:33:41,680 [WARN] PackLoader:240 - Cannot read IP mode file for STMicroelectronics.X-CUBE-BLE2.3.3.0
2023-12-31 16:33:41,684 [WARN] PackLoader:240 - Cannot read IP mode file for STMicroelectronics.X-CUBE-DISPLAY.2.2.0
2023-12-31 16:33:41,694 [WARN] PackLoader:240 - Cannot read IP mode file for STMicroelectronics.X-CUBE-TOF1.3.2.0
2023-12-31 16:33:41,720 [WARN] PackLoader:240 - Cannot read IP mode file for STMicroelectronics.X-CUBE-AZRTOS-H7.2.1.0
2023-12-31 16:33:41,756 [WARN] PackLoader:240 - Cannot read IP mode file for STMicroelectronics.X-CUBE-MEMS1.9.4.0
2023-12-31 16:33:41,889 [WARN] PackLoader:240 - Cannot read IP mode file for STMicroelectronics.X-CUBE-AI.7.3.0
2023-12-31 16:33:41,895 [WARN] PackLoader:240 - Cannot read IP mode file for STMicroelectronics.X-CUBE-ALGOBUILD.1.3.0
2023-12-31 16:33:41,909 [WARN] PackLoader:240 - Cannot read IP mode file for STMicroelectronics.X-CUBE-AZRTOS-G0.1.1.0
2023-12-31 16:33:41,917 [WARN] PackLoader:240 - Cannot read IP mode file for STMicroelectronics.X-CUBE-NFC4.3.0.0
2023-12-31 16:33:41,951 [WARN] PackLoader:240 - Cannot read IP mode file for SEGGER.I-CUBE-embOS.1.2.1
2023-12-31 16:33:41,997 [WARN] PackLoader:240 - Cannot read IP mode file for STMicroelectronics.X-CUBE-BLEMGR.3.0.0
2023-12-31 16:33:42,006 [WARN] PackLoader:240 - Cannot read IP mode file for STMicroelectronics.X-CUBE-BLEMGR.1.3.0
2023-12-31 16:33:42,011 [WARN] PackLoader:240 - Cannot read IP mode file for STMicroelectronics.FP-ATR-SIGFOX1.3.2.0
2023-12-31 16:33:42,014 [WARN] PackLoader:240 - Cannot read IP mode file for STMicroelectronics.X-CUBE-TOUCHGFX.4.20.0
2023-12-31 16:33:42,040 [WARN] PackLoader:240 - Cannot read IP mode file for SEGGER.I-CUBE-embOS.1.3.1
2023-12-31 16:33:42,072 [WARN] PackLoader:240 - Cannot read IP mode file for STMicroelectronics.X-CUBE-GNSS1.6.0.0
2023-12-31 16:33:42,085 [WARN] PackLoader:240 - Cannot read IP mode file for STMicroelectronics.X-CUBE-AZRTOS-F4.1.1.0
2023-12-31 16:33:42,093 [WARN] PackLoader:240 - Cannot read IP mode file for STMicroelectronics.X-CUBE-BLEMGR.1.2.0
2023-12-31 16:33:42,107 [WARN] PackLoader:240 - Cannot read IP mode file for STMicroelectronics.X-CUBE-AZRTOS-L5.2.0.0
2023-12-31 16:33:42,114 [WARN] PackLoader:240 - Cannot read IP mode file for STMicroelectronics.X-CUBE-EEPRMA1.4.2.0
2023-12-31 16:33:42,120 [WARN] PackLoader:240 - Cannot read IP mode file for ITTIA_DB.I-CUBE-ITTIADB.8.8.0
2023-12-31 16:33:42,126 [WARN] PackLoader:240 - Cannot read IP mode file for emotas.I-CUBE-CANOPEN.1.1.3
2023-12-31 16:33:42,130 [WARN] PackLoader:240 - Cannot read IP mode file for STMicroelectronics.X-CUBE-NFC4.2.0.5
2023-12-31 16:33:42,134 [WARN] PackLoader:240 - Cannot read IP mode file for STMicroelectronics.X-CUBE-NFC4.2.0.4
2023-12-31 16:33:42,139 [WARN] PackLoader:240 - Cannot read IP mode file for wolfSSL.I-CUBE-wolfSSL.5.5.3
2023-12-31 16:33:42,143 [WARN] PackLoader:240 - Cannot read IP mode file for STMicroelectronics.X-CUBE-NFC7.1.0.1
2023-12-31 16:33:42,147 [WARN] PackLoader:240 - Cannot read IP mode file for STMicroelectronics.X-CUBE-NFC7.1.0.0
2023-12-31 16:33:42,153 [WARN] PackLoader:240 - Cannot read IP mode file for STMicroelectronics.X-CUBE-NFC6.3.0.0
2023-12-31 16:33:42,157 [WARN] PackLoader:240 - Cannot read IP mode file for STMicroelectronics.X-CUBE-AI.8.1.0
2023-12-31 16:33:42,171 [WARN] ConditionMgr:438 - getConditionDescription Invalid condition id : LAN8742 Phy interface Condition cause : null
2023-12-31 16:33:42,172 [WARN] PackLoader:240 - Cannot read IP mode file for STMicroelectronics.X-CUBE-AZRTOS-L4.2.0.0
2023-12-31 16:33:42,173 [WARN] ConditionMgr:1039 - genDependencies : Invalid condition id : LAN8742 Phy interface Condition cause : null
2023-12-31 16:33:42,173 [WARN] ConditionMgr:1039 - genDependencies : Invalid condition id : LAN8742 Phy interface Condition cause : null
2023-12-31 16:33:42,173 [WARN] ConditionMgr:1039 - genDependencies : Invalid condition id : LAN8742 Phy interface Condition cause : null
2023-12-31 16:33:42,180 [WARN] PackLoader:240 - Cannot read IP mode file for STMicroelectronics.X-CUBE-SFXS2LP1.4.0.0
2023-12-31 16:33:42,195 [WARN] PackLoader:240 - Cannot read IP mode file for STMicroelectronics.X-CUBE-AZRTOS-H7.3.0.0
2023-12-31 16:33:42,201 [WARN] PackLoader:240 - Cannot read IP mode file for STMicroelectronics.X-CUBE-ISPU.1.1.0
2023-12-31 16:33:42,208 [WARN] PackLoader:240 - Cannot read IP mode file for RoweBots.I-CUBE-UNISONRTOS.5.5.0-4
2023-12-31 16:33:42,219 [WARN] ConditionMgr:438 - getConditionDescription Invalid condition id : UX DEVICE CLASS RTOS Condition cause : null
2023-12-31 16:33:42,219 [WARN] ConditionMgr:438 - getConditionDescription Invalid condition id : UX DEVICE CLASS RTOS Condition cause : null
2023-12-31 16:33:42,221 [WARN] PackLoader:240 - Cannot read IP mode file for STMicroelectronics.X-CUBE-AZRTOS-WB.2.0.0
2023-12-31 16:33:42,221 [WARN] ConditionMgr:1039 - genDependencies : Invalid condition id : UX DEVICE CLASS RTOS Condition cause : null
2023-12-31 16:33:42,221 [WARN] ConditionMgr:1039 - genDependencies : Invalid condition id : UX DEVICE CLASS RTOS Condition cause : null
2023-12-31 16:33:42,222 [WARN] ConditionMgr:1039 - genDependencies : Invalid condition id : UX DEVICE CLASS RTOS Condition cause : null
2023-12-31 16:33:42,222 [WARN] ConditionMgr:1039 - genDependencies : Invalid condition id : UX DEVICE CLASS RTOS Condition cause : null
2023-12-31 16:33:42,222 [WARN] ConditionMgr:1039 - genDependencies : Invalid condition id : UX DEVICE CLASS RTOS Condition cause : null
2023-12-31 16:33:42,233 [WARN] PackLoader:240 - Cannot read IP mode file for STMicroelectronics.X-CUBE-AZRTOS-L5.1.1.0
2023-12-31 16:33:42,243 [WARN] PackLoader:240 - Cannot read IP mode file for STMicroelectronics.X-CUBE-SUBG2.5.0.0
2023-12-31 16:33:42,259 [WARN] PackLoader:240 - Cannot read IP mode file for STMicroelectronics.X-CUBE-AZRTOS-G4.2.0.0
2023-12-31 16:33:42,264 [WARN] PackLoader:240 - Cannot read IP mode file for STMicroelectronics.FP-ATR-ASTRA1.1.1.1
2023-12-31 16:33:42,274 [WARN] PackLoader:240 - Cannot read IP mode file for Infineon.AIROC-Wi-Fi-Bluetooth-STM32.1.5.1
2023-12-31 16:33:42,288 [WARN] PackLoader:240 - Cannot read IP mode file for STMicroelectronics.FP-SNS-MOTENVWB1.1.3.1
2023-12-31 16:33:42,301 [WARN] PackLoader:240 - Cannot read IP mode file for STMicroelectronics.X-CUBE-AZRTOS-G4.1.0.0
2023-12-31 16:33:42,319 [WARN] PackLoader:240 - Cannot read IP mode file for STMicroelectronics.X-CUBE-AZRTOS-L4.1.0.0
2023-12-31 16:33:42,326 [WARN] PackLoader:240 - Cannot read IP mode file for STMicroelectronics.X-CUBE-ISPU.2.0.0
2023-12-31 16:33:42,368 [WARN] PackLoader:240 - Cannot read IP mode file for STMicroelectronics.X-CUBE-MEMS1.10.0.0
2023-12-31 16:33:42,482 [WARN] PackLoader:240 - Cannot read IP mode file for STMicroelectronics.X-CUBE-FREERTOS.1.1.0
2023-12-31 16:33:42,492 [WARN] PackLoader:240 - Cannot read IP mode file for STMicroelectronics.X-CUBE-AZRTOS-WL.1.0.0
2023-12-31 16:33:42,498 [WARN] PackLoader:240 - Cannot read IP mode file for portGmbH.I-Cube-SoM-uGOAL.1.1.0
2023-12-31 16:33:42,502 [WARN] PackLoader:240 - Cannot read IP mode file for STMicroelectronics.X-CUBE-ALS.1.0.1
2023-12-31 16:33:42,513 [WARN] PackLoader:240 - Cannot read IP mode file for STMicroelectronics.X-CUBE-AZRTOS-WB.1.1.0
2023-12-31 16:33:42,528 [WARN] PackLoader:240 - Cannot read IP mode file for STMicroelectronics.X-CUBE-AZRTOS-L5.1.0.0
2023-12-31 16:33:42,534 [WARN] PackLoader:240 - Cannot read IP mode file for STMicroelectronics.X-CUBE-EEPRMA1.3.1.1
2023-12-31 16:33:42,537 [WARN] PackLoader:240 - Cannot read IP mode file for STMicroelectronics.FP-ATR-ASTRA1.2.0.0
2023-12-31 16:33:42,546 [WARN] PackLoader:240 - Cannot read IP mode file for STMicroelectronics.X-CUBE-TOF1.3.4.0
2023-12-31 16:33:42,572 [WARN] PackLoader:240 - Cannot read IP mode file for STMicroelectronics.X-CUBE-AZRTOS-H7.3.2.0
2023-12-31 16:33:42,575 [INFO] ThirdParty:978 - Integrity check success = true
2023-12-31 16:33:42,575 [INFO] IntegrityCheckThread:100 - exiting critical section [integrity check]
2023-12-31 16:33:42,575 [INFO] IntegrityCheckThread:103 - End integrity checks thread
2023-12-31 16:33:54,492 [INFO] MainUpdater:2873 - connection check result : 10
2023-12-31 16:33:54,600 [INFO] MicroXplorer:468 - Change Database Path : 
2023-12-31 16:33:54,601 [INFO] MicroXplorer:498 - Change Database Version : DB.6.0.100
2023-12-31 16:33:54,609 [WARN] ThirdParty:871 - waiting for thirdparty lock release [close project]
2023-12-31 16:33:54,609 [INFO] ThirdParty:873 - entering critical section [close project]
2023-12-31 16:33:54,610 [INFO] ThirdParty:883 - exiting critical section [close project]
2023-12-31 16:33:54,613 [INFO] PinOutPanel:1499 - setPackage(No Configuration,No Configuration)
2023-12-31 16:33:54,617 [INFO] UtilMem:75 - Begin LoadConfig() Used Memory: 316846648 Bytes (541065216)
2023-12-31 16:33:54,619 [INFO] MicroXplorer:468 - Change Database Path : 
2023-12-31 16:33:54,619 [INFO] MicroXplorer:498 - Change Database Version : DB.6.0.100
2023-12-31 16:33:54,619 [INFO] OpenFileManager:312 - Change cursor
2023-12-31 16:33:54,647 [INFO] Mcu:2016 - Initializing MCU STM32F103C(8-B)Tx STM32F103C8Tx STM32F103C8T6
2023-12-31 16:33:55,541 [INFO] Context:659 - Trying to add GPIOservice into a context  which must be forbidden
2023-12-31 16:33:55,900 [INFO] RtosManager:555 - Registered RTOS mode: class=CMSIS, group=RTOS, mode=CMSIS_V1, owner=FREERTOS
2023-12-31 16:33:55,901 [INFO] RtosManager:555 - Registered RTOS mode: class=CMSIS, group=RTOS2, mode=CMSIS_V2, owner=FREERTOS
2023-12-31 16:33:55,901 [INFO] RtosManager:555 - Registered RTOS mode: class=RTOS, group=Core, mode=CMSIS_V1, owner=FREERTOS
2023-12-31 16:33:55,901 [INFO] RtosManager:555 - Registered RTOS mode: class=RTOS, group=Core, mode=CMSIS_V2, owner=FREERTOS
2023-12-31 16:33:55,901 [WARN] ModelIntegratedComponent:184 - Missing modes for component STMicroelectronics:FreeRTOS:0.0.1:STMicroelectronics:RTOS:FreeRTOS:Core:::10.2.0:
2023-12-31 16:33:55,914 [WARN] ModelIntegratedComponent:63 - No mode defined for component null
2023-12-31 16:33:55,914 [WARN] ModelIntegratedComponent:63 - No mode defined for component null
2023-12-31 16:33:55,915 [WARN] ModelIntegratedComponent:63 - No mode defined for component null
2023-12-31 16:33:55,915 [WARN] ModelIntegratedComponent:63 - No mode defined for component null
2023-12-31 16:33:55,915 [WARN] ModelIntegratedComponent:63 - No mode defined for component null
2023-12-31 16:33:55,915 [WARN] ModelIntegratedComponent:63 - No mode defined for component null
2023-12-31 16:33:55,915 [WARN] ModelIntegratedComponent:63 - No mode defined for component null
2023-12-31 16:33:55,915 [WARN] ModelIntegratedComponent:63 - No mode defined for component null
2023-12-31 16:33:55,915 [WARN] ModelIntegratedComponent:63 - No mode defined for component null
2023-12-31 16:33:55,915 [WARN] ModelIntegratedComponent:63 - No mode defined for component null
2023-12-31 16:33:55,915 [WARN] ModelIntegratedComponent:63 - No mode defined for component null
2023-12-31 16:33:55,915 [WARN] ModelIntegratedComponent:63 - No mode defined for component null
2023-12-31 16:33:55,915 [WARN] ModelIntegratedComponent:63 - No mode defined for component null
2023-12-31 16:33:55,915 [WARN] ModelIntegratedComponent:63 - No mode defined for component null
2023-12-31 16:33:55,916 [WARN] ModelIntegratedComponent:63 - No mode defined for component null
2023-12-31 16:33:55,916 [WARN] ModelIntegratedComponent:63 - No mode defined for component null
2023-12-31 16:33:55,916 [WARN] ModelIntegratedComponent:63 - No mode defined for component null
2023-12-31 16:33:55,916 [WARN] ModelIntegratedComponent:63 - No mode defined for component null
2023-12-31 16:33:55,916 [WARN] ModelIntegratedComponent:63 - No mode defined for component null
2023-12-31 16:33:55,916 [WARN] ModelIntegratedComponent:63 - No mode defined for component null
2023-12-31 16:33:55,916 [WARN] ModelIntegratedComponent:63 - No mode defined for component null
2023-12-31 16:33:55,916 [WARN] ModelIntegratedComponent:63 - No mode defined for component null
2023-12-31 16:33:55,916 [WARN] ModelIntegratedComponent:63 - No mode defined for component null
2023-12-31 16:33:55,916 [WARN] ModelIntegratedComponent:63 - No mode defined for component null
2023-12-31 16:33:55,916 [WARN] ModelIntegratedComponent:63 - No mode defined for component null
2023-12-31 16:33:55,916 [WARN] ModelIntegratedComponent:63 - No mode defined for component null
2023-12-31 16:33:55,917 [WARN] ModelIntegratedComponent:63 - No mode defined for component null
2023-12-31 16:33:55,917 [WARN] ModelIntegratedComponent:63 - No mode defined for component null
2023-12-31 16:33:55,917 [WARN] ModelIntegratedComponent:63 - No mode defined for component null
2023-12-31 16:33:55,917 [WARN] ModelIntegratedComponent:63 - No mode defined for component null
2023-12-31 16:33:55,917 [WARN] ModelIntegratedComponent:63 - No mode defined for component null
2023-12-31 16:33:55,917 [WARN] ModelIntegratedComponent:63 - No mode defined for component null
2023-12-31 16:33:55,917 [WARN] ModelIntegratedComponent:63 - No mode defined for component null
2023-12-31 16:33:56,056 [INFO] ThirdPartyModel:298 - Start build external matchings
2023-12-31 16:33:57,397 [INFO] ThirdPartyModel:316 - End build external matchings
2023-12-31 16:33:57,430 [INFO] ImportTextPane:194 - (OptionalMessage_ERROR) IP (RCC) : Parameter (ADCFreqValue) has invalid value (36000000)
2023-12-31 16:33:57,431 [INFO] ImportTextPane:194 - (OptionalMessage_ERROR) IP (RCC) : Invalid parameter (FamilyName)
2023-12-31 16:33:57,431 [INFO] ImportTextPane:194 - (OptionalMessage_ERROR) IP (RCC) : Parameter (MCOFreq_Value) has invalid value (72000000)
2023-12-31 16:33:57,431 [INFO] ImportTextPane:194 - (OptionalMessage_ERROR) IP (RCC) : Parameter (USBFreq_Value) has invalid value (72000000)
2023-12-31 16:33:57,722 [INFO] UtilMem:75 - End LoadConfig() Used Memory: 349217896 Bytes (541065216)
2023-12-31 16:33:57,848 [INFO] ApiDb:581 - Connected to CubeFinder SQLite database (C:\Users\beo\.stmcufinder\plugins\mcufinder\mcu\cube-finder-db.db)
2023-12-31 16:33:57,940 [INFO] ApiDb:668 - CubeFinder database Data Model version=2.1
2023-12-31 16:33:57,940 [INFO] ApiDb:669 - CubeFinder database Configuration version=3.0.39
2023-12-31 16:33:57,940 [INFO] ApiDb:670 - CubeFinder database generation date=2023-12-08 (1702028721)
2023-12-31 16:33:57,940 [INFO] ApiDb:671 - CubeFinder database FW Pack versions=[FP-ATR-ASTRA1_V2.0.0, FP-SNS-FLIGHT1_V5.0.1, FP-SNS-FLIGHT1_V5.0.2, FP-SNS-MOTENV1_V4.3.1, FP-SNS-MOTENV1_V4.3.2, FP-SNS-MOTENVWB1_V1.3.1, FP-SNS-SMARTAG2_V1.2.0, STM32Cube_FW_C0_V1.1.0, STM32Cube_FW_F4_V1.28.0, STM32Cube_FW_F7_V1.17.0, STM32Cube_FW_G0_V1.6.1, STM32Cube_FW_G4_V1.5.1, STM32Cube_FW_H5_V0.5.1, STM32Cube_FW_H5_V1.1.1, STM32Cube_FW_H5_V1.2.0RC2, STM32Cube_FW_H7_V1.11.0, STM32Cube_FW_L0_V1.12.2, STM32Cube_FW_L5_V1.5.0, STM32Cube_FW_U5_V1.3.0RC4, STM32Cube_FW_U5_V1.4.0, STM32Cube_FW_WBA_V1.0.0RC1, STM32Cube_FW_WBA_V1.1.0RC1, STM32Cube_FW_WBA_V1.2.0, STM32Cube_FW_WBA_V1.2.0RC2, STM32Cube_FW_WB_V1.15.0RC1, STM32Cube_FW_WB_V1.16.0, STM32Cube_FW_WB_V1.16.0RC2, STM32Cube_FW_WB_V1.18.0, STM32Cube_FW_WL_V1.3.0, X-CUBE-ALGOBUILD_V1.3.0, X-CUBE-ALS_V1.0.1, X-CUBE-AZRTOS-F4_V1.1.0, X-CUBE-AZRTOS-F7_V1.1.0, X-CUBE-AZRTOS-G0_V1.1.0, X-CUBE-AZRTOS-G4_V2.0.0, X-CUBE-AZRTOS-H7_V3.1.0, X-CUBE-AZRTOS-L4_V1.0.0, X-CUBE-AZRTOS-L4_V2.0.0, X-CUBE-AZRTOS-L5_V1.1.0, X-CUBE-AZRTOS-WB_V2.0.0, X-CUBE-AZRTOS-WL_V2.0.0, X-CUBE-BLE1_V7.0.0, X-CUBE-BLE2_V3.3.0, X-CUBE-BLEMGR_V3.0.0, X-CUBE-EEPRMA1_V4.1.0, X-CUBE-EEPRMA1_V4.2.0, X-CUBE-FREERTOS_V1.1.0, X-CUBE-GNSS1_V6.0.0, X-CUBE-MEMS1_V10.0.0, X-CUBE-MEMS1_V9.1.0, X-CUBE-MEMS1_V9.4.0, X-CUBE-MEMS1_V9.6.0, X-CUBE-NFC4_V3.0.0, X-CUBE-NFC7_V1.0.1, X-CUBE-SFXS2LP1_V4.0.0, X-CUBE-SUBG2_V5.0.0, X-CUBE-TOF1_V3.4.0]
2023-12-31 16:34:00,830 [INFO] ApiDb:240 - Found 371 in-development CPN: [B-G473E-ZEST1S, B-WB1M-WPAN1, B-WL5M-SUBG1, NUCLEO-C031C6, NUCLEO-H503RB, NUCLEO-H563ZI, NUCLEO-U545RE-Q, NUCLEO-U5A5ZJ-Q, NUCLEO-WBA52CG, NUCLEO-WBA55CG, STEVAL-MKBOXPRO, STEVAL-PROTEUS1, STEVAL-STWINBX1, STM320518-EVAL, STM32C0116-DK, STM32C011D6Y3TR, STM32C011D6Y6TR, STM32C011F4P3, STM32C011F4P6, STM32C011F4U3, STM32C011F4U6TR, STM32C011F6P3, STM32C011F6P6, STM32C011F6U3, STM32C011F6U6TR, STM32C011J4M3, STM32C011J4M6, STM32C011J6M3, STM32C011J6M6, STM32C0316-DK, STM32C031C4T3, STM32C031C4T6, STM32C031C4U3, STM32C031C4U6, STM32C031C6T3, STM32C031C6T6, STM32C031C6U3, STM32C031C6U6, STM32C031F4P3, STM32C031F4P6, STM32C031F6P3, STM32C031F6P6, STM32C031G4U3, STM32C031G4U6, STM32C031G6U3, STM32C031G6U6, STM32C031K4T3, STM32C031K4T6, STM32C031K4U3, STM32C031K4U6, STM32C031K6T3, STM32C031K6T6, STM32C031K6U3, STM32C031K6U6, STM32G071K8TXN, STM32G071K8UXN, STM32G081GBU6N, STM32G081KBT6N, STM32G081KBUXN, STM32G0B1CCT6N, STM32G0B1KCT6, STM32G0B1NEY6TR, STM32G0B1RCT6N, STM32G0C1CCT6, STM32G0C1CCT6N, STM32G0C1CCU6N, STM32G0C1CET6N, STM32G0C1CEU6N, STM32G0C1KCT6, STM32G0C1NEY6TR, STM32G0C1RCI6N, STM32G0C1RCT6N, STM32G0C1REI6N, STM32G0C1RET6N, STM32G0C1VCI6, STM32G0C1VEI6, STM32G471CCT6, STM32G471CCU6, STM32G471CET3, STM32G471CET6, STM32G471CEU3, STM32G471CEU6, STM32G471MCT6, STM32G471MET3, STM32G471MET6, STM32G471MEY6TR, STM32G471QCT6, STM32G471QET3, STM32G471RCT6, STM32G471RET3, STM32G471RET6, STM32G471VCH6, STM32G471VCI6, STM32G471VCT6, STM32G471VEH3, STM32G471VEH6, STM32G471VEI3, STM32G471VEI6, STM32G471VET3, STM32G471VET6, STM32G474CCT6, STM32H503CBT6, STM32H503CBU6, STM32H503EBY6TR, STM32H503KBU6, STM32H503RBT6, STM32H562AGI6, STM32H562AII6, STM32H562IGK6, STM32H562IGT6, STM32H562IIK6, STM32H562IIT6, STM32H562RGT6, STM32H562RGV6, STM32H562RIT6, STM32H562RIV6, STM32H562VGT6, STM32H562VIT6, STM32H562ZGT6, STM32H562ZIT6, STM32H563AGI6, STM32H563AII3Q, STM32H563AII6, STM32H563IGK6, STM32H563IGT6, STM32H563IIK3Q, STM32H563IIK6, STM32H563IIT3Q, STM32H563IIT6, STM32H563MIY3QTR, STM32H563RGT6, STM32H563RGV6, STM32H563RIT6, STM32H563RIV6, STM32H563VGT6, STM32H563VIT3Q, STM32H563VIT6, STM32H563ZGT6, STM32H563ZIT3Q, STM32H563ZIT6, STM32H573AII3Q, STM32H573AII6, STM32H573I-DK, STM32H573IIK3Q, STM32H573IIK6, STM32H573IIT3Q, STM32H573IIT6, STM32H573MIY3QTR, STM32H573RIT6, STM32H573RIV6, STM32H573VIT3Q, STM32H573VIT6, STM32H573ZIT3Q, STM32H573ZIT6, STM32L4R5QGI6STR, STM32MP131AAE3, STM32MP131AAF3, STM32MP131AAG3, STM32MP131CAE3, STM32MP131CAF3, STM32MP131CAG3, STM32MP131DAE7, STM32MP131DAF7, STM32MP131DAG7, STM32MP131FAE7, STM32MP131FAF7, STM32MP131FAG7, STM32MP133AAE3, STM32MP133AAF3, STM32MP133AAG3, STM32MP133CAE3, STM32MP133CAF3, STM32MP133CAG3, STM32MP133DAE7, STM32MP133DAF7, STM32MP133DAG7, STM32MP133FAE7, STM32MP133FAF7, STM32MP133FAG7, STM32MP135AAE3, STM32MP135AAF3, STM32MP135AAG3, STM32MP135CAE3, STM32MP135CAF3, STM32MP135CAG3, STM32MP135DAE7, STM32MP135DAF7, STM32MP135DAG7, STM32MP135F-DK, STM32MP135FAE7, STM32MP135FAF7, STM32MP135FAF7T, STM32MP135FAF7U, STM32MP135FAG7, STM32U535CBT6, STM32U535CBT6Q, STM32U535CBU6, STM32U535CBU6Q, STM32U535CCT6, STM32U535CCT6Q, STM32U535CCU6, STM32U535CCU6Q, STM32U535CET6, STM32U535CET6Q, STM32U535CEU6, STM32U535CEU6Q, STM32U535JEY6QTR, STM32U535NCY6QTR, STM32U535NEY6QTR, STM32U535RBI6, STM32U535RBI6Q, STM32U535RBT6, STM32U535RBT6Q, STM32U535RCI6, STM32U535RCI6Q, STM32U535RCT6, STM32U535RCT6Q, STM32U535REI6, STM32U535REI6Q, STM32U535RET6, STM32U535RET6Q, STM32U535VCI6, STM32U535VCI6Q, STM32U535VCT6, STM32U535VCT6Q, STM32U535VEI6, STM32U535VEI6Q, STM32U535VET6, STM32U535VET6Q, STM32U545CET6, STM32U545CET6Q, STM32U545CEU6, STM32U545CEU6Q, STM32U545JEY6QTR, STM32U545NEY6QTR, STM32U545REI6, STM32U545REI6Q, STM32U545RET6, STM32U545RET6Q, STM32U545VEI6, STM32U545VEI6Q, STM32U545VET6, STM32U545VET6Q, STM32U595AIH6, STM32U595AIH6Q, STM32U595AJH6, STM32U595AJH6Q, STM32U595QII6, STM32U595QII6Q, STM32U595QJI6, STM32U595QJI6Q, STM32U595RIT6, STM32U595RIT6Q, STM32U595RJT6, STM32U595RJT6Q, STM32U595VIT6, STM32U595VIT6Q, STM32U595VJT6, STM32U595VJT6Q, STM32U595ZIT6, STM32U595ZIT6Q, STM32U595ZIY6QTR, STM32U595ZJT6, STM32U595ZJT6Q, STM32U595ZJY6QTR, STM32U599BJY6QTR, STM32U599NIH6Q, STM32U599NJH6Q, STM32U599VIT6Q, STM32U599VJT6, STM32U599VJT6Q, STM32U599ZIT6Q, STM32U599ZIY6QTR, STM32U599ZJT6Q, STM32U599ZJY6QTR, STM32U5A5AJH6, STM32U5A5AJH6Q, STM32U5A5QJI6, STM32U5A5QJI6Q, STM32U5A5RJT6, STM32U5A5RJT6Q, STM32U5A5VJT6, STM32U5A5VJT6Q, STM32U5A5ZJT6, STM32U5A5ZJT6Q, STM32U5A5ZJY6QTR, STM32U5A9BJY6QTR, STM32U5A9J-DK, STM32U5A9NJH6Q, STM32U5A9VJT6Q, STM32U5A9ZJT6Q, STM32U5A9ZJY6QTR, STM32U5F7VIT6, STM32U5F7VIT6Q, STM32U5F7VJT6, STM32U5F7VJT6Q, STM32U5F9BJY6QTR, STM32U5F9NJH6Q, STM32U5F9VIT6Q, STM32U5F9VJT6Q, STM32U5F9ZIJ6QTR, STM32U5F9ZIT6Q, STM32U5F9ZJJ6QTR, STM32U5F9ZJT6Q, STM32U5G7VJT6, STM32U5G7VJT6Q, STM32U5G9BJY6QTR, STM32U5G9J-DK1, STM32U5G9J-DK2, STM32U5G9NJH6Q, STM32U5G9VJT6Q, STM32U5G9ZJJ6QTR, STM32U5G9ZJT6Q, STM32WB1MMCH6, STM32WBA50KEU6, STM32WBA50KEU6TR, STM32WBA50KGU6, STM32WBA50KGU6TR, STM32WBA52CEU6, STM32WBA52CEU6TR, STM32WBA52CEU7, STM32WBA52CEU7TR, STM32WBA52CGU6, STM32WBA52CGU6TR, STM32WBA52CGU6U, STM32WBA52CGU7, STM32WBA52CGU7TR, STM32WBA52KEU6, STM32WBA52KEU6TR, STM32WBA52KGU6, STM32WBA52KGU6TR, STM32WBA54CEU6, STM32WBA54CEU6TR, STM32WBA54CEU7, STM32WBA54CEU7TR, STM32WBA54CGU6, STM32WBA54CGU6TR, STM32WBA54CGU7, STM32WBA54CGU7TR, STM32WBA54KEU6, STM32WBA54KEU6TR, STM32WBA54KEU7, STM32WBA54KEU7TR, STM32WBA54KGU6, STM32WBA54KGU6TR, STM32WBA54KGU7, STM32WBA54KGU7TR, STM32WBA55CEU6, STM32WBA55CEU6TR, STM32WBA55CEU7, STM32WBA55CEU7TR, STM32WBA55CGU6, STM32WBA55CGU6TR, STM32WBA55CGU6U, STM32WBA55CGU7, STM32WBA55CGU7TR, STM32WBA55G-DK1, STM32WBA55HEF6, STM32WBA55HEF7, STM32WBA55HGF6, STM32WBA55HGF7, STM32WBA55UEI6, STM32WBA55UEI6TR, STM32WBA55UEI7, STM32WBA55UEI7TR, STM32WBA55UGI6, STM32WBA55UGI6TR, STM32WBA55UGI7, STM32WBA55UGI7TR, STM32WL5MOCH6, STM32WL5MOCH6TR]
2023-12-31 16:34:00,837 [INFO] DbMcus:218 - Found 3930 MCUs, 3930 are supported
2023-12-31 16:34:00,837 [INFO] ApiDb:423 - Load user favorites file C:\Users\beo/.stm32cubeide/favorites.mcus.txt: 2 item(s)
2023-12-31 16:34:00,838 [INFO] ApiDb:427 - User favorites MCUs=[STM32F103CBT6, STM32H7B0VBT6]
2023-12-31 16:34:00,838 [INFO] DbMcus:224 - Set 2 / 2 favorites MCUs
2023-12-31 16:34:01,308 [INFO] MicroXplorer:468 - Change Database Path : 
2023-12-31 16:34:01,308 [INFO] MicroXplorer:498 - Change Database Version : DB.6.0.100
2023-12-31 16:34:01,309 [WARN] ThirdParty:833 - waiting for thirdparty lock release [change project]
2023-12-31 16:34:01,309 [INFO] ThirdParty:835 - entering critical section [change project]
2023-12-31 16:34:01,309 [INFO] ThirdParty:1030 - CMSIS Pack Vendor :STMicroelectronics X-CUBE-ISPU 1.1.0
2023-12-31 16:34:01,309 [INFO] ThirdParty:1030 - CMSIS Pack Vendor :STMicroelectronics USBPD 4.1
2023-12-31 16:34:01,309 [INFO] ThirdParty:1030 - CMSIS Pack Vendor :RoweBots I-CUBE-UNISONRTOS 5.5.0-4
2023-12-31 16:34:01,309 [INFO] ThirdParty:1030 - CMSIS Pack Vendor :STMicroelectronics X-CUBE-GNSS1 6.0.0
2023-12-31 16:34:01,309 [INFO] ThirdParty:1030 - CMSIS Pack Vendor :STMicroelectronics X-CUBE-AZRTOS-H7 2.1.0
2023-12-31 16:34:01,310 [INFO] ThirdParty:1030 - CMSIS Pack Vendor :STMicroelectronics USB_HOST 2.0.0
2023-12-31 16:34:01,310 [INFO] ThirdParty:1030 - CMSIS Pack Vendor :STMicroelectronics X-CUBE-AZRTOS-F4 1.1.0
2023-12-31 16:34:01,310 [INFO] ThirdParty:1030 - CMSIS Pack Vendor :STMicroelectronics LIBJPEG 8.0.0
2023-12-31 16:34:01,310 [INFO] ThirdParty:1030 - CMSIS Pack Vendor :STMicroelectronics X-CUBE-SMBUS 2.1.0
2023-12-31 16:34:01,310 [INFO] ThirdParty:1030 - CMSIS Pack Vendor :STMicroelectronics USB_DEVICE 3.0.0
2023-12-31 16:34:01,310 [INFO] ThirdParty:1030 - CMSIS Pack Vendor :STMicroelectronics X-CUBE-AZRTOS-WB 2.0.0
2023-12-31 16:34:01,310 [INFO] ThirdParty:1030 - CMSIS Pack Vendor :STMicroelectronics X-CUBE-TOUCHGFX 4.23.0
2023-12-31 16:34:01,310 [INFO] ThirdParty:1030 - CMSIS Pack Vendor :STMicroelectronics X-CUBE-BLEMGR 1.2.0
2023-12-31 16:34:01,310 [INFO] ThirdParty:1030 - CMSIS Pack Vendor :STMicroelectronics X-CUBE-AZRTOS-F7 1.1.0
2023-12-31 16:34:01,310 [INFO] ThirdParty:1030 - CMSIS Pack Vendor :STMicroelectronics X-CUBE-AZRTOS-L5 2.0.0
2023-12-31 16:34:01,310 [INFO] ThirdParty:1030 - CMSIS Pack Vendor :STMicroelectronics X-CUBE-MEMS1 9.4.0
2023-12-31 16:34:01,310 [INFO] ThirdParty:1030 - CMSIS Pack Vendor :STMicroelectronics USB_DEVICE 2.0.0
2023-12-31 16:34:01,310 [INFO] ThirdParty:1030 - CMSIS Pack Vendor :STMicroelectronics X-CUBE-AI 7.3.0
2023-12-31 16:34:01,310 [INFO] ThirdParty:1030 - CMSIS Pack Vendor :STMicroelectronics X-CUBE-EEPRMA1 4.2.0
2023-12-31 16:34:01,310 [INFO] ThirdParty:1030 - CMSIS Pack Vendor :ITTIA_DB I-CUBE-ITTIADB 8.8.0
2023-12-31 16:34:01,311 [INFO] ThirdParty:1030 - CMSIS Pack Vendor :STMicroelectronics FP-SNS-MOTENV1 4.3.2
2023-12-31 16:34:01,311 [INFO] ThirdParty:1030 - CMSIS Pack Vendor :STMicroelectronics X-CUBE-BLE1 6.2.3
2023-12-31 16:34:01,311 [INFO] ThirdParty:1030 - CMSIS Pack Vendor :STMicroelectronics X-CUBE-ALGOBUILD 1.3.0
2023-12-31 16:34:01,311 [INFO] ThirdParty:1030 - CMSIS Pack Vendor :STMicroelectronics X-CUBE-BLE1 6.2.4
2023-12-31 16:34:01,311 [INFO] ThirdParty:1030 - CMSIS Pack Vendor :STMicroelectronics X-CUBE-AZRTOS-L5 1.1.0
2023-12-31 16:34:01,311 [INFO] ThirdParty:1030 - CMSIS Pack Vendor :STMicroelectronics FreeRTOS 0.0.1
2023-12-31 16:34:01,311 [INFO] ThirdParty:1030 - CMSIS Pack Vendor :STMicroelectronics X-CUBE-AZRTOS-G0 1.1.0
2023-12-31 16:34:01,311 [INFO] ThirdParty:1030 - CMSIS Pack Vendor :emotas I-CUBE-CANOPEN 1.1.3
2023-12-31 16:34:01,311 [INFO] ThirdParty:1030 - CMSIS Pack Vendor :STMicroelectronics X-CUBE-NFC4 3.0.0
2023-12-31 16:34:01,311 [INFO] ThirdParty:1030 - CMSIS Pack Vendor :STMicroelectronics X-CUBE-SUBG2 5.0.0
2023-12-31 16:34:01,311 [INFO] ThirdParty:1030 - CMSIS Pack Vendor :STMicroelectronics STM32_WPAN 1.0.0
2023-12-31 16:34:01,311 [INFO] ThirdParty:1030 - CMSIS Pack Vendor :SEGGER I-CUBE-embOS 1.2.1
2023-12-31 16:34:01,311 [INFO] ThirdParty:1030 - CMSIS Pack Vendor :STMicroelectronics lwIP 2.0.3
2023-12-31 16:34:01,311 [INFO] ThirdParty:1030 - CMSIS Pack Vendor :STMicroelectronics FP-SNS-FLIGHT1 5.0.2
2023-12-31 16:34:01,311 [INFO] ThirdParty:1030 - CMSIS Pack Vendor :STMicroelectronics X-CUBE-NFC4 2.0.5
2023-12-31 16:34:01,312 [INFO] ThirdParty:1030 - CMSIS Pack Vendor :STMicroelectronics X-CUBE-NFC4 2.0.4
2023-12-31 16:34:01,312 [INFO] ThirdParty:1030 - CMSIS Pack Vendor :STMicroelectronics USB_HOST 1.0.0
2023-12-31 16:34:01,312 [INFO] ThirdParty:1030 - CMSIS Pack Vendor :STMicroelectronics X-CUBE-AZRTOS-G4 2.0.0
2023-12-31 16:34:01,312 [INFO] ThirdParty:1030 - CMSIS Pack Vendor :STMicroelectronics PDM2PCM 3.1.0
2023-12-31 16:34:01,312 [INFO] ThirdParty:1030 - CMSIS Pack Vendor :STMicroelectronics FP-ATR-ASTRA1 1.1.1
2023-12-31 16:34:01,312 [INFO] ThirdParty:1030 - CMSIS Pack Vendor :Infineon AIROC-Wi-Fi-Bluetooth-STM32 1.5.1
2023-12-31 16:34:01,312 [INFO] ThirdParty:1030 - CMSIS Pack Vendor :STMicroelectronics X-CUBE-BLEMGR 3.0.0
2023-12-31 16:34:01,312 [INFO] ThirdParty:1030 - CMSIS Pack Vendor :STMicroelectronics PDM2PCM 3.3.0
2023-12-31 16:34:01,312 [INFO] ThirdParty:1030 - CMSIS Pack Vendor :STMicroelectronics X-CUBE-DISPLAY 3.0.0
2023-12-31 16:34:01,312 [INFO] ThirdParty:1030 - CMSIS Pack Vendor :STMicroelectronics X-CUBE-BLEMGR 1.3.0
2023-12-31 16:34:01,312 [INFO] ThirdParty:1030 - CMSIS Pack Vendor :wolfSSL I-CUBE-wolfSSL 5.5.3
2023-12-31 16:34:01,312 [INFO] ThirdParty:1030 - CMSIS Pack Vendor :STMicroelectronics FP-SNS-MOTENVWB1 1.3.1
2023-12-31 16:34:01,312 [INFO] ThirdParty:1030 - CMSIS Pack Vendor :STMicroelectronics X-CUBE-BLE1 7.0.0
2023-12-31 16:34:01,312 [INFO] ThirdParty:1030 - CMSIS Pack Vendor :STMicroelectronics FP-ATR-SIGFOX1 3.2.0
2023-12-31 16:34:01,312 [INFO] ThirdParty:1030 - CMSIS Pack Vendor :STMicroelectronics X-CUBE-AZRTOS-G4 1.0.0
2023-12-31 16:34:01,313 [INFO] ThirdParty:1030 - CMSIS Pack Vendor :STMicroelectronics X-CUBE-AZRTOS-L4 1.0.0
2023-12-31 16:34:01,313 [INFO] ThirdParty:1030 - CMSIS Pack Vendor :STMicroelectronics X-CUBE-ISPU 2.0.0
2023-12-31 16:34:01,313 [INFO] ThirdParty:1030 - CMSIS Pack Vendor :STMicroelectronics HAL Drivers 0.0.0
2023-12-31 16:34:01,313 [INFO] ThirdParty:1030 - CMSIS Pack Vendor :STMicroelectronics MBEDTLS 2.16.2
2023-12-31 16:34:01,313 [INFO] ThirdParty:1030 - CMSIS Pack Vendor :STMicroelectronics X-CUBE-TOUCHGFX 4.20.0
2023-12-31 16:34:01,313 [INFO] ThirdParty:1030 - CMSIS Pack Vendor :STMicroelectronics X-CUBE-MEMS1 10.0.0
2023-12-31 16:34:01,313 [INFO] ThirdParty:1030 - CMSIS Pack Vendor :STMicroelectronics X-CUBE-FREERTOS 1.1.0
2023-12-31 16:34:01,313 [INFO] ThirdParty:1030 - CMSIS Pack Vendor :STMicroelectronics X-CUBE-NFC7 1.0.1
2023-12-31 16:34:01,313 [INFO] ThirdParty:1030 - CMSIS Pack Vendor :STMicroelectronics MBEDTLS 2.14.1
2023-12-31 16:34:01,313 [INFO] ThirdParty:1030 - CMSIS Pack Vendor :STMicroelectronics X-CUBE-NFC7 1.0.0
2023-12-31 16:34:01,313 [INFO] ThirdParty:1030 - CMSIS Pack Vendor :STMicroelectronics X-CUBE-AZRTOS-WL 1.0.0
2023-12-31 16:34:01,313 [INFO] ThirdParty:1030 - CMSIS Pack Vendor :STMicroelectronics X-CUBE-NFC6 3.0.0
2023-12-31 16:34:01,313 [INFO] ThirdParty:1030 - CMSIS Pack Vendor :STMicroelectronics X-CUBE-MEMS1 9.3.0
2023-12-31 16:34:01,313 [INFO] ThirdParty:1030 - CMSIS Pack Vendor :portGmbH I-Cube-SoM-uGOAL 1.1.0
2023-12-31 16:34:01,313 [INFO] ThirdParty:1030 - CMSIS Pack Vendor :STMicroelectronics X-CUBE-ALS 1.0.1
2023-12-31 16:34:01,314 [INFO] ThirdParty:1030 - CMSIS Pack Vendor :STMicroelectronics ThreadX 1.0.0
2023-12-31 16:34:01,314 [INFO] ThirdParty:1030 - CMSIS Pack Vendor :STMicroelectronics FP-SNS-SMARTAG2 1.2.0
2023-12-31 16:34:01,314 [INFO] ThirdParty:1030 - CMSIS Pack Vendor :STMicroelectronics X-CUBE-AZRTOS-WB 1.1.0
2023-12-31 16:34:01,314 [INFO] ThirdParty:1030 - CMSIS Pack Vendor :STMicroelectronics X-CUBE-AZRTOS-WL 2.0.0
2023-12-31 16:34:01,314 [INFO] ThirdParty:1030 - CMSIS Pack Vendor :SEGGER I-CUBE-embOS 1.3.1
2023-12-31 16:34:01,314 [INFO] ThirdParty:1030 - CMSIS Pack Vendor :STMicroelectronics X-CUBE-AZRTOS-L5 1.0.0
2023-12-31 16:34:01,314 [INFO] ThirdParty:1030 - CMSIS Pack Vendor :STMicroelectronics USB_DEVICE 1.0.0
2023-12-31 16:34:01,314 [INFO] ThirdParty:1030 - CMSIS Pack Vendor :STMicroelectronics X-CUBE-AI 8.1.0
2023-12-31 16:34:01,314 [INFO] ThirdParty:1030 - CMSIS Pack Vendor :STMicroelectronics X-CUBE-EEPRMA1 3.1.1
2023-12-31 16:34:01,314 [INFO] ThirdParty:1030 - CMSIS Pack Vendor :STMicroelectronics X-CUBE-AZRTOS-L4 2.0.0
2023-12-31 16:34:01,314 [INFO] ThirdParty:1030 - CMSIS Pack Vendor :STMicroelectronics ThreadX 0.0.2
2023-12-31 16:34:01,314 [INFO] ThirdParty:1030 - CMSIS Pack Vendor :WES I-CUBE-Cesium 1.3.0
2023-12-31 16:34:01,314 [INFO] ThirdParty:1030 - CMSIS Pack Vendor :STMicroelectronics FP-ATR-ASTRA1 2.0.0
2023-12-31 16:34:01,314 [INFO] ThirdParty:1030 - CMSIS Pack Vendor :STMicroelectronics lwIP 2.1.2
2023-12-31 16:34:01,314 [INFO] ThirdParty:1030 - CMSIS Pack Vendor :STMicroelectronics X-CUBE-SFXS2LP1 4.0.0
2023-12-31 16:34:01,315 [INFO] ThirdParty:1030 - CMSIS Pack Vendor :STMicroelectronics X-CUBE-BLE2 3.3.0
2023-12-31 16:34:01,315 [INFO] ThirdParty:1030 - CMSIS Pack Vendor :STMicroelectronics X-CUBE-TOF1 3.4.0
2023-12-31 16:34:01,315 [INFO] ThirdParty:1030 - CMSIS Pack Vendor :STMicroelectronics X-CUBE-DISPLAY 2.2.0
2023-12-31 16:34:01,315 [INFO] ThirdParty:1030 - CMSIS Pack Vendor :STMicroelectronics X-CUBE-TOF1 3.2.0
2023-12-31 16:34:01,315 [INFO] ThirdParty:1030 - CMSIS Pack Vendor :STMicroelectronics X-CUBE-AZRTOS-H7 3.2.0
2023-12-31 16:34:01,315 [INFO] ThirdParty:1030 - CMSIS Pack Vendor :STMicroelectronics PDM2PCM 3.2.0
2023-12-31 16:34:01,315 [INFO] ThirdParty:1030 - CMSIS Pack Vendor :STMicroelectronics X-CUBE-AZRTOS-H7 3.0.0
2023-12-31 16:34:01,315 [INFO] ThirdParty:841 - exiting critical section [change project]
2023-12-31 16:34:01,624 [INFO] PinOutPanel:1499 - setPackage(No Configuration,No Configuration)
2023-12-31 16:34:01,625 [INFO] PinOutPanel:1499 - setPackage(STM32F103C8Tx,LQFP48)
2023-12-31 16:34:02,139 [INFO] UtilMem:75 - Before build in PCC Used Memory: 246539264 Bytes (541065216)
2023-12-31 16:34:02,959 [INFO] UtilMem:75 - After build in PCC Used Memory: 309523680 Bytes (541065216)
2023-12-31 16:34:02,982 [INFO] IPUIPlugin:80 - create IPUIPlugin
2023-12-31 16:34:02,983 [INFO] IPUIPlugin:80 - create IPUIPlugin
2023-12-31 16:34:02,983 [INFO] IPUIPlugin:80 - create IPUIPlugin
2023-12-31 16:34:02,983 [INFO] IPUIPlugin:80 - create IPUIPlugin
2023-12-31 16:34:02,983 [INFO] IPUIPlugin:80 - create IPUIPlugin
2023-12-31 16:34:02,983 [INFO] IPUIPlugin:80 - create IPUIPlugin
2023-12-31 16:34:02,983 [INFO] IPUIPlugin:80 - create IPUIPlugin
2023-12-31 16:34:02,983 [INFO] IPUIPlugin:80 - create IPUIPlugin
2023-12-31 16:34:02,983 [INFO] IPUIPlugin:80 - create IPUIPlugin
2023-12-31 16:34:02,984 [INFO] IPUIPlugin:80 - create IPUIPlugin
2023-12-31 16:34:02,984 [INFO] IPUIPlugin:80 - create IPUIPlugin
2023-12-31 16:34:02,984 [INFO] IPUIPlugin:80 - create IPUIPlugin
2023-12-31 16:34:02,984 [INFO] IPUIPlugin:80 - create IPUIPlugin
2023-12-31 16:34:02,984 [INFO] IPUIPlugin:80 - create IPUIPlugin
2023-12-31 16:34:02,984 [INFO] IPUIPlugin:80 - create IPUIPlugin
2023-12-31 16:34:02,985 [INFO] IPUIPlugin:80 - create IPUIPlugin
2023-12-31 16:34:02,985 [INFO] IPUIPlugin:80 - create IPUIPlugin
2023-12-31 16:34:02,985 [INFO] IPUIPlugin:80 - create IPUIPlugin
2023-12-31 16:34:02,985 [INFO] IPUIPlugin:80 - create IPUIPlugin
2023-12-31 16:34:02,985 [INFO] IPUIPlugin:80 - create IPUIPlugin
2023-12-31 16:34:02,986 [INFO] IPUIPlugin:80 - create IPUIPlugin
2023-12-31 16:34:02,986 [INFO] IPUIPlugin:80 - create IPUIPlugin
2023-12-31 16:34:02,986 [INFO] IPUIPlugin:80 - create IPUIPlugin
2023-12-31 16:34:02,986 [INFO] IPUIPlugin:80 - create IPUIPlugin
2023-12-31 16:34:02,987 [INFO] IPUIPlugin:80 - create IPUIPlugin
2023-12-31 16:34:02,987 [INFO] IPUIPlugin:80 - create IPUIPlugin
2023-12-31 16:34:02,987 [INFO] IPUIPlugin:80 - create IPUIPlugin
2023-12-31 16:34:02,995 [WARN] IP:2119 - I2C_Coeff_DF not found: check if there is a RefParameter without a condition.
2023-12-31 16:34:02,995 [WARN] IP:2119 - Analog_Filter not found: check if there is a RefParameter without a condition.
2023-12-31 16:34:03,007 [WARN] IP:2119 - I2C_Coeff_DF not found: check if there is a RefParameter without a condition.
2023-12-31 16:34:03,007 [WARN] IP:2119 - Analog_Filter not found: check if there is a RefParameter without a condition.
2023-12-31 16:34:03,183 [INFO] CADModel:165 - CPN selected for project levelSTM32F103C8T6
2023-12-31 16:34:03,184 [INFO] CADModel:114 - Register for checkConnection events
2023-12-31 16:34:03,274 [INFO] OpenFileManager:343 - Restore cursor
2023-12-31 16:34:03,477 [WARN] IP:2119 - I2C_Coeff_DF not found: check if there is a RefParameter without a condition.
2023-12-31 16:34:03,477 [WARN] IP:2119 - Analog_Filter not found: check if there is a RefParameter without a condition.
2023-12-31 16:34:03,478 [WARN] IP:2119 - I2C_Coeff_DF not found: check if there is a RefParameter without a condition.
2023-12-31 16:34:03,478 [WARN] IP:2119 - Analog_Filter not found: check if there is a RefParameter without a condition.
2023-12-31 16:34:03,480 [WARN] IP:2119 - I2C_Coeff_DF not found: check if there is a RefParameter without a condition.
2023-12-31 16:34:03,481 [WARN] IP:2119 - Analog_Filter not found: check if there is a RefParameter without a condition.
2023-12-31 16:34:03,481 [WARN] IP:2119 - I2C_Coeff_DF not found: check if there is a RefParameter without a condition.
2023-12-31 16:34:03,481 [WARN] IP:2119 - Analog_Filter not found: check if there is a RefParameter without a condition.
2023-12-31 16:34:23,851 [INFO] Gpio:277 - dependency for GPIO [I2C1, I2C2, RCC, SYS, USART1]
2023-12-31 16:34:26,479 [WARN] IP:2119 - I2C_Coeff_DF not found: check if there is a RefParameter without a condition.
2023-12-31 16:34:26,479 [WARN] IP:2119 - Analog_Filter not found: check if there is a RefParameter without a condition.
2023-12-31 16:34:29,543 [WARN] IP:2119 - I2C_Coeff_DF not found: check if there is a RefParameter without a condition.
2023-12-31 16:34:29,543 [WARN] IP:2119 - Analog_Filter not found: check if there is a RefParameter without a condition.
2023-12-31 16:34:32,464 [INFO] NvicIntPanel:101 - NVIC parent = com.st.microxplorer.plugins.ip.nvic.MultiNvicIntPanel[,0,0,0x0,invalid,layout=javax.swing.BoxLayout,alignmentX=0.0,alignmentY=0.0,border=,flags=9,maximumSize=,minimumSize=,preferredSize=]
2023-12-31 16:36:24,833 [INFO] UtilMem:75 - End SaveConfig() Used Memory: 329301920 Bytes (743440384)
2023-12-31 16:36:25,306 [INFO] BlockDiagram:2759 - set Specific Code input for plugin: NVIC
2023-12-31 16:36:25,306 [INFO] BlockDiagram:2759 - set Specific Code input for plugin: USART
2023-12-31 16:36:25,306 [INFO] BlockDiagram:2759 - set Specific Code input for plugin: SYS
2023-12-31 16:36:25,306 [INFO] BlockDiagram:2759 - set Specific Code input for plugin: GPIO
2023-12-31 16:36:25,306 [INFO] BlockDiagram:2759 - set Specific Code input for plugin: RCC
2023-12-31 16:36:25,306 [INFO] BlockDiagram:2759 - set Specific Code input for plugin: I2C
2023-12-31 16:36:25,306 [INFO] BlockDiagram:2759 - set Specific Code input for plugin: I2C
2023-12-31 16:36:25,307 [INFO] CodeGenerator:807 - code generatio: config db path: C:\ST\STM32CubeIDE\plugins\com.st.stm32cube.common.mx_6.10.0.202311202037\\db\
2023-12-31 16:36:25,325 [WARN] IP:2119 - I2C_Coeff_DF not found: check if there is a RefParameter without a condition.
2023-12-31 16:36:25,325 [WARN] IP:2119 - Analog_Filter not found: check if there is a RefParameter without a condition.
2023-12-31 16:36:25,327 [WARN] IP:2119 - I2C_Coeff_DF not found: check if there is a RefParameter without a condition.
2023-12-31 16:36:25,327 [WARN] IP:2119 - Analog_Filter not found: check if there is a RefParameter without a condition.
2023-12-31 16:36:25,535 [INFO] CodeEngine:255 - oldGeneratedFile, C:\test\_STM32\_projects\test_f103_01\MXTmpFiles\license.tmp_save
2023-12-31 16:36:25,866 [INFO] CodeEngine:279 - Generated code: C:\test\_STM32\_projects\test_f103_01\MXTmpFiles\license.tmp
2023-12-31 16:36:25,971 [INFO] CodeEngine:255 - oldGeneratedFile, C:\test\_STM32\_projects\test_f103_01\MXTmpFiles\gpio.tmp_save
2023-12-31 16:36:26,078 [INFO] CodeEngine:279 - Generated code: C:\test\_STM32\_projects\test_f103_01\MXTmpFiles\gpio.tmp
2023-12-31 16:36:26,214 [INFO] CodeEngine:255 - oldGeneratedFile, C:\test\_STM32\_projects\test_f103_01\Core\Src\stm32f1xx_it.c_save
2023-12-31 16:36:26,323 [INFO] CodeEngine:279 - Generated code: C:\test\_STM32\_projects\test_f103_01\Core\Src\stm32f1xx_it.c
2023-12-31 16:36:26,331 [INFO] CodeEngine:255 - oldGeneratedFile, C:\test\_STM32\_projects\test_f103_01\Core\Inc\stm32f1xx_it.h_save
2023-12-31 16:36:26,410 [INFO] CodeEngine:279 - Generated code: C:\test\_STM32\_projects\test_f103_01\Core\Inc\stm32f1xx_it.h
2023-12-31 16:36:26,426 [INFO] CodeEngine:255 - oldGeneratedFile, C:\test\_STM32\_projects\test_f103_01\Core\Src\stm32f1xx_hal_msp.c_save
2023-12-31 16:36:26,557 [INFO] CodeEngine:279 - Generated code: C:\test\_STM32\_projects\test_f103_01\Core\Src\stm32f1xx_hal_msp.c
2023-12-31 16:36:26,563 [INFO] CodeEngine:255 - oldGeneratedFile, C:\test\_STM32\_projects\test_f103_01\MXTmpFiles\system.tmp_save
2023-12-31 16:36:26,629 [INFO] CodeEngine:279 - Generated code: C:\test\_STM32\_projects\test_f103_01\MXTmpFiles\system.tmp
2023-12-31 16:36:26,642 [INFO] CodeEngine:311 - oldGeneratedFile, C:\test\_STM32\_projects\test_f103_01\Core\Inc\stm32f1xx_hal_conf.h_save
2023-12-31 16:36:26,716 [INFO] CodeEngine:335 - Generated code: C:\test\_STM32\_projects\test_f103_01\Core\Inc\stm32f1xx_hal_conf.h
2023-12-31 16:36:26,756 [INFO] CodeEngine:255 - oldGeneratedFile, C:\test\_STM32\_projects\test_f103_01\Core\Inc\main.h_save
2023-12-31 16:36:26,840 [INFO] CodeEngine:279 - Generated code: C:\test\_STM32\_projects\test_f103_01\Core\Inc\main.h
2023-12-31 16:36:26,848 [INFO] CodeEngine:255 - oldGeneratedFile, C:\test\_STM32\_projects\test_f103_01\Core\Src\main.c_save
2023-12-31 16:36:26,959 [INFO] CodeEngine:279 - Generated code: C:\test\_STM32\_projects\test_f103_01\Core\Src\main.c
2023-12-31 16:36:27,610 [INFO] ProjectBuilder:3076 - Time for Copy HAL[1] : 228mS.
2023-12-31 16:36:27,616 [INFO] ProjectBuilder:4485 - Project Generator version: 4.2.0-B44
2023-12-31 16:36:27,809 [INFO] ConfigFileManager:1495 - The Die is : DIE410
2023-12-31 16:36:27,822 [INFO] ApiDbMcu:508 - Load IP Config File for FATFS
2023-12-31 16:36:27,852 [INFO] ApiDbMcu:508 - Load IP Config File for FREERTOS
2023-12-31 16:36:27,877 [INFO] ApiDbMcu:508 - Load IP Config File for USB_DEVICE
2023-12-31 16:36:28,549 [INFO] LogOutputStream:77 - [STDOUT_REDIRECT] 
2023-12-31 16:36:29,513 [INFO] ProjectBuilder:4747 - Time for Generating toolchain IDE Files: 1897mS.
2023-12-31 16:36:29,515 [INFO] ProjectBuilder:2947 - Time for Copy CMSIS : 1mS.
2023-12-31 16:36:29,518 [INFO] ProjectBuilder:2947 - Time for Copy CMSIS : 0mS.
2023-12-31 16:46:20,158 [WARN] IP:2119 - I2C_Coeff_DF not found: check if there is a RefParameter without a condition.
2023-12-31 16:46:20,158 [WARN] IP:2119 - Analog_Filter not found: check if there is a RefParameter without a condition.
2023-12-31 16:46:20,158 [WARN] IP:2119 - I2C_Coeff_DF not found: check if there is a RefParameter without a condition.
2023-12-31 16:46:20,158 [WARN] IP:2119 - Analog_Filter not found: check if there is a RefParameter without a condition.
2023-12-31 16:46:20,161 [WARN] IP:2119 - I2C_Coeff_DF not found: check if there is a RefParameter without a condition.
2023-12-31 16:46:20,161 [WARN] IP:2119 - Analog_Filter not found: check if there is a RefParameter without a condition.
2023-12-31 16:46:20,161 [WARN] IP:2119 - I2C_Coeff_DF not found: check if there is a RefParameter without a condition.
2023-12-31 16:46:20,162 [WARN] IP:2119 - Analog_Filter not found: check if there is a RefParameter without a condition.
2023-12-31 22:54:49,532 [ERROR] LogOutputStream:75 - [STDERR_REDIRECT] 
