2024-11-10 14:11:31,685 [INFO] Activator:176 - 


2024-11-10 14:11:31,689 [INFO] Activator:177 - !SESSION log4j initialized
2024-11-10 14:11:36,827 [INFO] LogOutputStream:77 - [STDOUT_REDIRECT] 
2024-11-10 14:11:47,277 [INFO] ApplicationProperties:184 - Using Application install path: C:\ST\STM32CubeIDE_1.14.1\STM32CubeIDE\plugins\com.st.stm32cube.common.mx_6.10.0.202311202037
2024-11-10 14:11:47,292 [INFO] DbMcusXml:78 - Set database path to: C:\ST\STM32CubeIDE_1.14.1\STM32CubeIDE\plugins\com.st.stm32cube.common.mx_6.10.0.202311202037\\db\/mcu/
2024-11-10 14:11:47,293 [INFO] ApiDb:274 - Set plugin database path to: C:\ST\STM32CubeIDE_1.14.1\STM32CubeIDE\plugins\com.st.stm32cube.common.mx_6.10.0.202311202037\\db\/plugins/boardmanager/
2024-11-10 14:11:47,293 [WARN] ApiDb:259 - Overriding images path with different value:  => C:\ST\STM32CubeIDE_1.14.1\STM32CubeIDE\plugins\com.st.stm32cube.common.mx_6.10.0.202311202037\\db\/plugins/mcufinder/images/
2024-11-10 14:11:47,300 [INFO] ApiDb:250 - Set database path to: C:\Users\beo\.stmcufinder\plugins\mcufinder//mcu/
2024-11-10 14:11:47,300 [INFO] DbMcusAds:125 - Set database path to: C:\Users\beo\.stmcufinder\plugins\mcufinder//mcu/
2024-11-10 14:11:47,303 [INFO] CrossReferenceDbSqlite:203 - Set database path to: C:\Users\beo\.stmcufinder\plugins\mcufinder//mcu/cs/
2024-11-10 14:11:47,387 [INFO] RulesReader:64 - Compatibility file has been processed (297 Rules)
2024-11-10 14:11:47,454 [INFO] DbMcusXml:78 - Set database path to: C:\ST\STM32CubeIDE_1.14.1\STM32CubeIDE\plugins\com.st.stm32cube.common.mx_6.10.0.202311202037\\db\/mcu/
2024-11-10 14:11:47,454 [INFO] ApiDb:274 - Set plugin database path to: C:\ST\STM32CubeIDE_1.14.1\STM32CubeIDE\plugins\com.st.stm32cube.common.mx_6.10.0.202311202037\\db\/plugins/boardmanager/
2024-11-10 14:11:47,454 [INFO] ApiDb:261 - Set plugin images path to: C:\ST\STM32CubeIDE_1.14.1\STM32CubeIDE\plugins\com.st.stm32cube.common.mx_6.10.0.202311202037\\db\/plugins/mcufinder/images/
2024-11-10 14:11:47,454 [WARN] DbFile:41 - Overriding database path with different value: C:\Users\beo\.stmcufinder\plugins\mcufinder/ => C:\Users\beo\.stmcufinder\plugins\mcufinder
2024-11-10 14:11:47,454 [INFO] ApiDb:250 - Set database path to: C:\Users\beo\.stmcufinder\plugins\mcufinder//mcu/
2024-11-10 14:11:47,455 [WARN] DbFile:41 - Overriding database path with different value: C:\Users\beo\.stmcufinder\plugins\mcufinder/ => C:\Users\beo\.stmcufinder\plugins\mcufinder
2024-11-10 14:11:47,455 [INFO] DbMcusAds:125 - Set database path to: C:\Users\beo\.stmcufinder\plugins\mcufinder//mcu/
2024-11-10 14:11:47,455 [WARN] DbFile:41 - Overriding database path with different value: C:\Users\beo\.stmcufinder\plugins\mcufinder/ => C:\Users\beo\.stmcufinder\plugins\mcufinder
2024-11-10 14:11:47,455 [WARN] DbFile:41 - Overriding database path with different value: C:\Users\beo\.stmcufinder\plugins\mcufinder/ => C:\Users\beo\.stmcufinder\plugins\mcufinder
2024-11-10 14:11:47,458 [INFO] CrossReferenceDbSqlite:203 - Set database path to: C:\Users\beo\.stmcufinder\plugins\mcufinder//mcu/cs/
2024-11-10 14:11:47,513 [INFO] MainPanel:264 - HeapMemory: 594542592
2024-11-10 14:11:47,578 [INFO] DbMcusXml:78 - Set database path to: C:\ST\STM32CubeIDE_1.14.1\STM32CubeIDE\plugins\com.st.stm32cube.common.mx_6.10.0.202311202037\\db\/mcu/
2024-11-10 14:11:47,578 [INFO] ApiDb:274 - Set plugin database path to: C:\ST\STM32CubeIDE_1.14.1\STM32CubeIDE\plugins\com.st.stm32cube.common.mx_6.10.0.202311202037\\db\/plugins/boardmanager/
2024-11-10 14:11:47,578 [INFO] ApiDb:261 - Set plugin images path to: C:\ST\STM32CubeIDE_1.14.1\STM32CubeIDE\plugins\com.st.stm32cube.common.mx_6.10.0.202311202037\\db\/plugins/mcufinder/images/
2024-11-10 14:11:47,578 [WARN] DbFile:41 - Overriding database path with different value: C:\Users\beo\.stmcufinder\plugins\mcufinder/ => C:\Users\beo\.stmcufinder\plugins\mcufinder
2024-11-10 14:11:47,578 [INFO] ApiDb:250 - Set database path to: C:\Users\beo\.stmcufinder\plugins\mcufinder//mcu/
2024-11-10 14:11:47,578 [WARN] DbFile:41 - Overriding database path with different value: C:\Users\beo\.stmcufinder\plugins\mcufinder/ => C:\Users\beo\.stmcufinder\plugins\mcufinder
2024-11-10 14:11:47,578 [INFO] DbMcusAds:125 - Set database path to: C:\Users\beo\.stmcufinder\plugins\mcufinder//mcu/
2024-11-10 14:11:47,578 [WARN] DbFile:41 - Overriding database path with different value: C:\Users\beo\.stmcufinder\plugins\mcufinder/ => C:\Users\beo\.stmcufinder\plugins\mcufinder
2024-11-10 14:11:47,578 [WARN] DbFile:41 - Overriding database path with different value: C:\Users\beo\.stmcufinder\plugins\mcufinder/ => C:\Users\beo\.stmcufinder\plugins\mcufinder
2024-11-10 14:11:47,578 [INFO] CrossReferenceDbSqlite:203 - Set database path to: C:\Users\beo\.stmcufinder\plugins\mcufinder//mcu/cs/
2024-11-10 14:11:47,592 [INFO] ApplicationProperties:184 - Using Application install path: C:\ST\STM32CubeIDE_1.14.1\STM32CubeIDE\plugins\com.st.stm32cube.common.mx_6.10.0.202311202037
2024-11-10 14:11:47,593 [INFO] PluginManage:196 - Search for loadable plugins [exclusion list=, ]
2024-11-10 14:11:47,594 [INFO] PluginManage:310 - Check plugin analytics
2024-11-10 14:11:52,661 [INFO] AnalyticsPlugin:253 - Accepted Software Licenses: 
2024-11-10 14:11:52,661 [INFO] AnalyticsPlugin:255 - Accepted CMSIS Pack Licenses: 
2024-11-10 14:11:52,661 [INFO] AnalyticsPlugin:257 - Accepted Firmware Licenses: FW.F4.1.28.0
2024-11-10 14:11:52,663 [INFO] PluginManage:359 - Loaded plugin analytics (category:tool,tabindex:-1)
2024-11-10 14:11:52,663 [INFO] PluginManage:310 - Check plugin cadmodel
2024-11-10 14:11:52,673 [INFO] CADModel:105 - Init CAD model plugin
2024-11-10 14:11:52,673 [INFO] PluginManage:359 - Loaded plugin cadmodel (category:power,tabindex:5)
2024-11-10 14:11:52,673 [INFO] PluginManage:310 - Check plugin clock
2024-11-10 14:11:52,685 [INFO] PluginManage:359 - Loaded plugin clock (category:base,tabindex:2)
2024-11-10 14:11:52,685 [INFO] PluginManage:310 - Check plugin ddr
2024-11-10 14:11:52,686 [INFO] PluginManage:359 - Loaded plugin ddr (category:tool,tabindex:6)
2024-11-10 14:11:52,686 [INFO] PluginManage:310 - Check plugin filemanager
2024-11-10 14:11:52,769 [INFO] PluginManage:359 - Loaded plugin filemanager (category:base,tabindex:10)
2024-11-10 14:11:52,769 [INFO] PluginManage:310 - Check plugin ipmanager
2024-11-10 14:11:52,774 [INFO] PluginManage:359 - Loaded plugin ipmanager (category:base,tabindex:5)
2024-11-10 14:11:52,775 [INFO] PluginManage:310 - Check plugin lpbam
2024-11-10 14:11:52,786 [INFO] PluginManage:359 - Loaded plugin lpbam (category:base,tabindex:0)
2024-11-10 14:11:52,786 [INFO] PluginManage:310 - Check plugin memorymap
2024-11-10 14:11:52,799 [INFO] PluginManage:359 - Loaded plugin memorymap (category:base,tabindex:4)
2024-11-10 14:11:52,800 [INFO] PluginManage:310 - Check plugin pinoutandconfiguration
2024-11-10 14:11:52,810 [INFO] PluginManage:359 - Loaded plugin pinoutandconfiguration (category:base,tabindex:1)
2024-11-10 14:11:52,810 [INFO] PluginManage:310 - Check plugin pinoutconfig
2024-11-10 14:11:52,869 [WARN] SupportedApi:132 - Cannot load RTOS API schema: s4s-elt-must-match.1: The content of 'definitions' must match (annotation?, (simpleType | complexType)?, (unique | key | keyref)*)). A problem was found starting at: attribute.
2024-11-10 14:11:52,957 [INFO] PluginManage:359 - Loaded plugin pinoutconfig (category:base,tabindex:0)
2024-11-10 14:11:52,957 [INFO] PluginManage:310 - Check plugin power
2024-11-10 14:11:52,971 [INFO] PluginManage:359 - Loaded plugin power (category:power,tabindex:4)
2024-11-10 14:11:52,971 [INFO] PluginManage:310 - Check plugin projectmanager
2024-11-10 14:11:52,982 [INFO] PluginManage:359 - Loaded plugin projectmanager (category:projectmanager,tabindex:3)
2024-11-10 14:11:52,982 [INFO] PluginManage:310 - Check plugin thirdparty
2024-11-10 14:11:53,163 [INFO] PluginManage:359 - Loaded plugin thirdparty (category:base,tabindex:-1)
2024-11-10 14:11:53,163 [WARN] IntegrityCheckThread:84 - waiting for thirdparty lock release [integrity check]
2024-11-10 14:11:53,163 [INFO] IntegrityCheckThread:86 - entering critical section [integrity check]
2024-11-10 14:11:53,163 [INFO] PluginManage:310 - Check plugin tools
2024-11-10 14:11:53,163 [INFO] ThirdPartyUpdaterWithRetryManager:70 - Updater plugin not ready yet. [1/15]
2024-11-10 14:11:53,185 [INFO] PluginManage:359 - Loaded plugin tools (category:base,tabindex:7)
2024-11-10 14:11:53,185 [INFO] PluginManage:310 - Check plugin tutovideos
2024-11-10 14:11:53,294 [INFO] PluginManage:359 - Loaded plugin tutovideos (category:base,tabindex:-1)
2024-11-10 14:11:53,294 [INFO] PluginManage:310 - Check plugin updater
2024-11-10 14:11:53,306 [INFO] PluginManage:359 - Loaded plugin updater (category:base,tabindex:12)
2024-11-10 14:11:53,306 [INFO] PluginManage:310 - Check plugin userauth
2024-11-10 14:11:53,311 [INFO] UserAuth:114 - Init User Auth plugin
2024-11-10 14:11:53,311 [INFO] PluginManage:359 - Loaded plugin userauth (category:base,tabindex:14)
2024-11-10 14:11:53,311 [INFO] PluginManage:283 - PluginManage : Loaded plugins [17]
2024-11-10 14:11:53,447 [INFO] PinOutPanel:1499 - setPackage(No Configuration,No Configuration)
2024-11-10 14:11:53,493 [INFO] CADModel:165 - CPN selected for project level
2024-11-10 14:11:53,493 [INFO] CADModel:114 - Register for checkConnection events
2024-11-10 14:11:53,510 [INFO] IPUIPlugin:80 - create IPUIPlugin
2024-11-10 14:11:53,510 [INFO] PluginManager:220 - loadIPPluginJar : add adc
2024-11-10 14:11:53,532 [INFO] IPUIPlugin:80 - create IPUIPlugin
2024-11-10 14:11:53,532 [INFO] PluginManager:220 - loadIPPluginJar : add aes
2024-11-10 14:11:53,557 [INFO] IPUIPlugin:80 - create IPUIPlugin
2024-11-10 14:11:53,558 [INFO] PluginManager:220 - loadIPPluginJar : add can
2024-11-10 14:11:53,572 [INFO] IPUIPlugin:80 - create IPUIPlugin
2024-11-10 14:11:53,572 [INFO] PluginManager:220 - loadIPPluginJar : add comp
2024-11-10 14:11:53,593 [INFO] IPUIPlugin:80 - create IPUIPlugin
2024-11-10 14:11:53,593 [INFO] PluginManager:220 - loadIPPluginJar : add cryp
2024-11-10 14:11:53,613 [INFO] IPUIPlugin:80 - create IPUIPlugin
2024-11-10 14:11:53,613 [INFO] PluginManager:220 - loadIPPluginJar : add dfsdm
2024-11-10 14:11:53,622 [INFO] IPUIPlugin:80 - create IPUIPlugin
2024-11-10 14:11:53,623 [INFO] PluginManager:220 - loadIPPluginJar : add dma
2024-11-10 14:11:53,649 [INFO] IPUIPlugin:80 - create IPUIPlugin
2024-11-10 14:11:53,649 [INFO] PluginManager:220 - loadIPPluginJar : add dma3
2024-11-10 14:11:53,661 [INFO] IPUIPlugin:80 - create IPUIPlugin
2024-11-10 14:11:53,662 [INFO] PluginManager:220 - loadIPPluginJar : add fatfs
2024-11-10 14:11:53,690 [INFO] IPUIPlugin:80 - create IPUIPlugin
2024-11-10 14:11:53,690 [INFO] PluginManager:220 - loadIPPluginJar : add fmc
2024-11-10 14:11:53,699 [INFO] IPUIPlugin:80 - create IPUIPlugin
2024-11-10 14:11:53,699 [INFO] PluginManager:220 - loadIPPluginJar : add freertos
2024-11-10 14:11:53,712 [INFO] IPUIPlugin:80 - create IPUIPlugin
2024-11-10 14:11:53,712 [INFO] PluginManager:220 - loadIPPluginJar : add genericplugin
2024-11-10 14:11:53,766 [INFO] IPUIPlugin:80 - create IPUIPlugin
2024-11-10 14:11:53,766 [INFO] PluginManager:220 - loadIPPluginJar : add gfxmmu
2024-11-10 14:11:53,847 [INFO] IPUIPlugin:80 - create IPUIPlugin
2024-11-10 14:11:53,847 [INFO] PluginManager:220 - loadIPPluginJar : add gic
2024-11-10 14:11:53,855 [INFO] IPUIPlugin:80 - create IPUIPlugin
2024-11-10 14:11:53,855 [INFO] PluginManager:220 - loadIPPluginJar : add gpio
2024-11-10 14:11:53,911 [INFO] IPUIPlugin:80 - create IPUIPlugin
2024-11-10 14:11:53,912 [INFO] PluginManager:220 - loadIPPluginJar : add gtzc
2024-11-10 14:11:53,932 [INFO] IPUIPlugin:80 - create IPUIPlugin
2024-11-10 14:11:53,932 [INFO] PluginManager:220 - loadIPPluginJar : add hash
2024-11-10 14:11:53,964 [INFO] IPUIPlugin:80 - create IPUIPlugin
2024-11-10 14:11:53,964 [INFO] PluginManager:220 - loadIPPluginJar : add i2c
2024-11-10 14:11:53,988 [INFO] IPUIPlugin:80 - create IPUIPlugin
2024-11-10 14:11:53,988 [INFO] PluginManager:220 - loadIPPluginJar : add i2s
2024-11-10 14:11:54,015 [INFO] IPUIPlugin:80 - create IPUIPlugin
2024-11-10 14:11:54,016 [INFO] PluginManager:220 - loadIPPluginJar : add i3c
2024-11-10 14:11:54,079 [INFO] IPUIPlugin:80 - create IPUIPlugin
2024-11-10 14:11:54,079 [INFO] PluginManager:220 - loadIPPluginJar : add ipddr
2024-11-10 14:11:54,135 [INFO] IPUIPlugin:80 - create IPUIPlugin
2024-11-10 14:11:54,135 [INFO] PluginManager:220 - loadIPPluginJar : add linkedlist
2024-11-10 14:11:54,157 [INFO] IPUIPlugin:80 - create IPUIPlugin
2024-11-10 14:11:54,157 [INFO] PluginManager:220 - loadIPPluginJar : add lorawan
2024-11-10 14:11:54,179 [INFO] IPUIPlugin:80 - create IPUIPlugin
2024-11-10 14:11:54,179 [INFO] PluginManager:220 - loadIPPluginJar : add ltdc
2024-11-10 14:11:54,187 [INFO] IPUIPlugin:80 - create IPUIPlugin
2024-11-10 14:11:54,188 [INFO] PluginManager:220 - loadIPPluginJar : add mdma
2024-11-10 14:11:54,195 [INFO] IPUIPlugin:80 - create IPUIPlugin
2024-11-10 14:11:54,195 [INFO] PluginManager:220 - loadIPPluginJar : add nvic
2024-11-10 14:11:54,217 [INFO] IPUIPlugin:80 - create IPUIPlugin
2024-11-10 14:11:54,217 [INFO] PluginManager:220 - loadIPPluginJar : add opamp
2024-11-10 14:11:54,254 [INFO] IPUIPlugin:80 - create IPUIPlugin
2024-11-10 14:11:54,254 [INFO] PluginManager:220 - loadIPPluginJar : add openamp
2024-11-10 14:11:54,280 [INFO] IPUIPlugin:80 - create IPUIPlugin
2024-11-10 14:11:54,280 [INFO] PluginManager:220 - loadIPPluginJar : add pdm2pcm
2024-11-10 14:11:54,289 [INFO] IPUIPlugin:80 - create IPUIPlugin
2024-11-10 14:11:54,290 [INFO] PluginManager:220 - loadIPPluginJar : add plateformsettings
2024-11-10 14:11:54,305 [INFO] IPUIPlugin:80 - create IPUIPlugin
2024-11-10 14:11:54,305 [INFO] PluginManager:220 - loadIPPluginJar : add quadspi
2024-11-10 14:11:54,312 [INFO] IPUIPlugin:80 - create IPUIPlugin
2024-11-10 14:11:54,312 [INFO] PluginManager:220 - loadIPPluginJar : add resmgrutility
2024-11-10 14:11:54,340 [INFO] IPUIPlugin:80 - create IPUIPlugin
2024-11-10 14:11:54,340 [INFO] PluginManager:220 - loadIPPluginJar : add sai
2024-11-10 14:11:54,363 [INFO] IPUIPlugin:80 - create IPUIPlugin
2024-11-10 14:11:54,363 [INFO] PluginManager:220 - loadIPPluginJar : add spi
2024-11-10 14:11:54,403 [INFO] IPUIPlugin:80 - create IPUIPlugin
2024-11-10 14:11:54,404 [INFO] PluginManager:220 - loadIPPluginJar : add stm32_wpan
2024-11-10 14:11:54,417 [INFO] IPUIPlugin:80 - create IPUIPlugin
2024-11-10 14:11:54,417 [INFO] PluginManager:220 - loadIPPluginJar : add tim
2024-11-10 14:11:54,450 [INFO] IPUIPlugin:80 - create IPUIPlugin
2024-11-10 14:11:54,450 [INFO] PluginManager:220 - loadIPPluginJar : add touchsensing
2024-11-10 14:11:54,463 [INFO] IPUIPlugin:80 - create IPUIPlugin
2024-11-10 14:11:54,463 [INFO] PluginManager:220 - loadIPPluginJar : add tracer_emb
2024-11-10 14:11:54,477 [INFO] IPUIPlugin:80 - create IPUIPlugin
2024-11-10 14:11:54,478 [INFO] PluginManager:220 - loadIPPluginJar : add ts
2024-11-10 14:11:54,492 [INFO] IPUIPlugin:80 - create IPUIPlugin
2024-11-10 14:11:54,492 [INFO] PluginManager:220 - loadIPPluginJar : add tsc
2024-11-10 14:11:54,504 [INFO] IPUIPlugin:80 - create IPUIPlugin
2024-11-10 14:11:54,504 [INFO] PluginManager:220 - loadIPPluginJar : add ucpd
2024-11-10 14:11:54,530 [INFO] IPUIPlugin:80 - create IPUIPlugin
2024-11-10 14:11:54,530 [INFO] PluginManager:220 - loadIPPluginJar : add usart
2024-11-10 14:11:54,554 [INFO] IPUIPlugin:80 - create IPUIPlugin
2024-11-10 14:11:54,555 [INFO] PluginManager:220 - loadIPPluginJar : add usbx
2024-11-10 14:11:54,662 [INFO] CADModel:165 - CPN selected for project level
2024-11-10 14:11:54,662 [INFO] CADModel:114 - Register for checkConnection events
2024-11-10 14:11:54,662 [FATAL] Updater:308 - Updater called before beeing initialized
2024-11-10 14:11:54,662 [ERROR] CADModel:125 - Updater not yet initialized, retry later 
2024-11-10 14:11:54,765 [INFO] CADModel:165 - CPN selected for project level
2024-11-10 14:11:54,765 [INFO] CADModel:114 - Register for checkConnection events
2024-11-10 14:11:54,766 [FATAL] Updater:308 - Updater called before beeing initialized
2024-11-10 14:11:54,766 [ERROR] CADModel:125 - Updater not yet initialized, retry later 
2024-11-10 14:11:54,768 [FATAL] Updater:308 - Updater called before beeing initialized
2024-11-10 14:11:54,839 [FATAL] Updater:308 - Updater called before beeing initialized
2024-11-10 14:11:54,846 [INFO] DbMcusAds:53 - JSON generation date=Wed Nov 29 13:52:27 MSK 2023 (1701255147349)
2024-11-10 14:11:54,847 [FATAL] Updater:308 - Updater called before beeing initialized
2024-11-10 14:11:54,910 [WARN] DetailPanel:346 - Failed to get advertising image, set to default
2024-11-10 14:11:54,966 [FATAL] Updater:308 - Updater called before beeing initialized
2024-11-10 14:11:54,967 [FATAL] Updater:308 - Updater called before beeing initialized
2024-11-10 14:11:54,967 [FATAL] Updater:308 - Updater called before beeing initialized
2024-11-10 14:11:54,967 [WARN] DetailPanel:346 - Failed to get advertising image, set to default
2024-11-10 14:11:54,968 [FATAL] Updater:308 - Updater called before beeing initialized
2024-11-10 14:11:55,006 [ERROR] Updater:1120 - MainUpdater not yet initialized. External WinMGr cannot be set.
2024-11-10 14:11:55,013 [INFO] Updater:1056 - Updater Version found : 6.10.0
2024-11-10 14:11:55,024 [INFO] ApplicationProperties:184 - Using Application install path: C:\ST\STM32CubeIDE_1.14.1\STM32CubeIDE\plugins\com.st.stm32cube.common.mx_6.10.0.202311202037
2024-11-10 14:11:56,166 [INFO] ThirdPartyUpdaterWithRetryManager:70 - Updater plugin not ready yet. [2/15]
2024-11-10 14:11:56,601 [ERROR] LogOutputStream:75 - [STDERR_REDIRECT] Nov 10, 2024 2:11:56 PM java.util.prefs.WindowsPreferences <init>
2024-11-10 14:11:56,601 [ERROR] LogOutputStream:75 - [STDERR_REDIRECT] WARNING: Could not open/create prefs root node Software\JavaSoft\Prefs at root 0xffffffff80000002. Windows RegCreateKeyEx(...) returned error code 5.
2024-11-10 14:11:56,603 [ERROR] LogOutputStream:75 - [STDERR_REDIRECT] 
2024-11-10 14:11:56,988 [ERROR] CheckConnectionManager:249 - Problem, Http access forbiden
2024-11-10 14:11:56,992 [INFO] MainUpdater:2873 - connection check result : 22
2024-11-10 14:11:56,993 [INFO] MainUpdater:290 - Updater Check For Update Now.
2024-11-10 14:11:56,993 [INFO] MicroXplorer:498 - Change Database Version : DB.6.0.100
2024-11-10 14:11:57,008 [INFO] McuFinderGlobals:63 - Set McuFinder mode to 2 (CubeIDE integrated)
2024-11-10 14:11:57,075 [INFO] UserAuth:404 - Internet connection configuration mode: 2
2024-11-10 14:11:57,180 [INFO] CheckServerUpdateThread:120 - End of CheckServer Thread
2024-11-10 14:11:59,231 [WARN] PackLoader:240 - Cannot read IP mode file for STMicroelectronics.FP-SNS-MOTENV1.4.3.2
2024-11-10 14:11:59,243 [WARN] PackLoader:240 - Cannot read IP mode file for STMicroelectronics.FP-SNS-FLIGHT1.5.0.2
2024-11-10 14:11:59,257 [WARN] PackLoader:240 - Cannot read IP mode file for STMicroelectronics.X-CUBE-DISPLAY.3.0.0
2024-11-10 14:11:59,269 [WARN] PackLoader:240 - Cannot read IP mode file for STMicroelectronics.X-CUBE-BLE1.7.0.0
2024-11-10 14:11:59,279 [WARN] PackLoader:240 - Cannot read IP mode file for STMicroelectronics.FP-SNS-SMARTAG2.1.2.0
2024-11-10 14:11:59,288 [WARN] PackLoader:240 - Cannot read IP mode file for STMicroelectronics.X-CUBE-BLE2.3.3.0
2024-11-10 14:11:59,299 [WARN] PackLoader:240 - Cannot read IP mode file for STMicroelectronics.X-CUBE-NFC4.3.0.0
2024-11-10 14:11:59,308 [WARN] PackLoader:240 - Cannot read IP mode file for STMicroelectronics.FP-ATR-SIGFOX1.3.2.0
2024-11-10 14:11:59,319 [WARN] PackLoader:240 - Cannot read IP mode file for STMicroelectronics.X-CUBE-GNSS1.6.0.0
2024-11-10 14:11:59,328 [WARN] PackLoader:240 - Cannot read IP mode file for STMicroelectronics.X-CUBE-AI.8.1.0
2024-11-10 14:11:59,373 [WARN] PackLoader:240 - Cannot read IP mode file for STMicroelectronics.X-CUBE-MEMS1.10.0.0
2024-11-10 14:11:59,456 [WARN] PackLoader:240 - Cannot read IP mode file for STMicroelectronics.X-CUBE-FREERTOS.1.1.0
2024-11-10 14:11:59,466 [WARN] PackLoader:240 - Cannot read IP mode file for STMicroelectronics.X-CUBE-ALS.1.0.1
2024-11-10 14:11:59,475 [WARN] PackLoader:240 - Cannot read IP mode file for STMicroelectronics.FP-ATR-ASTRA1.2.0.0
2024-11-10 14:11:59,476 [INFO] ThirdParty:978 - Integrity check success = true
2024-11-10 14:11:59,476 [INFO] IntegrityCheckThread:100 - exiting critical section [integrity check]
2024-11-10 14:11:59,477 [INFO] IntegrityCheckThread:103 - End integrity checks thread
2024-11-10 14:12:17,606 [ERROR] LogOutputStream:75 - [STDERR_REDIRECT] SLF4J: Failed to load class "org.slf4j.impl.StaticLoggerBinder".
2024-11-10 14:12:17,607 [ERROR] LogOutputStream:75 - [STDERR_REDIRECT] SLF4J: Defaulting to no-operation (NOP) logger implementation
2024-11-10 14:12:17,607 [ERROR] LogOutputStream:75 - [STDERR_REDIRECT] SLF4J: See http://www.slf4j.org/codes.html#StaticLoggerBinder for further details.
2024-11-10 14:14:08,043 [ERROR] LogOutputStream:75 - [STDERR_REDIRECT] 
2024-11-10 14:14:11,565 [INFO] Activator:176 - 


2024-11-10 14:14:11,567 [INFO] Activator:177 - !SESSION log4j initialized
2024-11-10 14:14:15,573 [INFO] LogOutputStream:77 - [STDOUT_REDIRECT] 
2024-11-10 14:14:21,503 [INFO] ApplicationProperties:184 - Using Application install path: C:\ST\STM32CubeIDE_1.14.1\STM32CubeIDE\plugins\com.st.stm32cube.common.mx_6.10.0.202311202037
2024-11-10 14:14:21,513 [INFO] DbMcusXml:78 - Set database path to: C:\ST\STM32CubeIDE_1.14.1\STM32CubeIDE\plugins\com.st.stm32cube.common.mx_6.10.0.202311202037\\db\/mcu/
2024-11-10 14:14:21,513 [INFO] ApiDb:274 - Set plugin database path to: C:\ST\STM32CubeIDE_1.14.1\STM32CubeIDE\plugins\com.st.stm32cube.common.mx_6.10.0.202311202037\\db\/plugins/boardmanager/
2024-11-10 14:14:21,513 [WARN] ApiDb:259 - Overriding images path with different value:  => C:\ST\STM32CubeIDE_1.14.1\STM32CubeIDE\plugins\com.st.stm32cube.common.mx_6.10.0.202311202037\\db\/plugins/mcufinder/images/
2024-11-10 14:14:21,516 [INFO] ApiDb:250 - Set database path to: C:\Users\beo\.stmcufinder\plugins\mcufinder//mcu/
2024-11-10 14:14:21,517 [INFO] DbMcusAds:125 - Set database path to: C:\Users\beo\.stmcufinder\plugins\mcufinder//mcu/
2024-11-10 14:14:21,518 [INFO] CrossReferenceDbSqlite:203 - Set database path to: C:\Users\beo\.stmcufinder\plugins\mcufinder//mcu/cs/
2024-11-10 14:14:21,573 [INFO] RulesReader:64 - Compatibility file has been processed (297 Rules)
2024-11-10 14:14:21,619 [INFO] DbMcusXml:78 - Set database path to: C:\ST\STM32CubeIDE_1.14.1\STM32CubeIDE\plugins\com.st.stm32cube.common.mx_6.10.0.202311202037\\db\/mcu/
2024-11-10 14:14:21,619 [INFO] ApiDb:274 - Set plugin database path to: C:\ST\STM32CubeIDE_1.14.1\STM32CubeIDE\plugins\com.st.stm32cube.common.mx_6.10.0.202311202037\\db\/plugins/boardmanager/
2024-11-10 14:14:21,619 [INFO] ApiDb:261 - Set plugin images path to: C:\ST\STM32CubeIDE_1.14.1\STM32CubeIDE\plugins\com.st.stm32cube.common.mx_6.10.0.202311202037\\db\/plugins/mcufinder/images/
2024-11-10 14:14:21,620 [WARN] DbFile:41 - Overriding database path with different value: C:\Users\beo\.stmcufinder\plugins\mcufinder/ => C:\Users\beo\.stmcufinder\plugins\mcufinder
2024-11-10 14:14:21,620 [INFO] ApiDb:250 - Set database path to: C:\Users\beo\.stmcufinder\plugins\mcufinder//mcu/
2024-11-10 14:14:21,620 [WARN] DbFile:41 - Overriding database path with different value: C:\Users\beo\.stmcufinder\plugins\mcufinder/ => C:\Users\beo\.stmcufinder\plugins\mcufinder
2024-11-10 14:14:21,620 [INFO] DbMcusAds:125 - Set database path to: C:\Users\beo\.stmcufinder\plugins\mcufinder//mcu/
2024-11-10 14:14:21,620 [WARN] DbFile:41 - Overriding database path with different value: C:\Users\beo\.stmcufinder\plugins\mcufinder/ => C:\Users\beo\.stmcufinder\plugins\mcufinder
2024-11-10 14:14:21,620 [WARN] DbFile:41 - Overriding database path with different value: C:\Users\beo\.stmcufinder\plugins\mcufinder/ => C:\Users\beo\.stmcufinder\plugins\mcufinder
2024-11-10 14:14:21,620 [INFO] CrossReferenceDbSqlite:203 - Set database path to: C:\Users\beo\.stmcufinder\plugins\mcufinder//mcu/cs/
2024-11-10 14:14:21,660 [INFO] MainPanel:264 - HeapMemory: 268435456
2024-11-10 14:14:21,698 [INFO] DbMcusXml:78 - Set database path to: C:\ST\STM32CubeIDE_1.14.1\STM32CubeIDE\plugins\com.st.stm32cube.common.mx_6.10.0.202311202037\\db\/mcu/
2024-11-10 14:14:21,698 [INFO] ApiDb:274 - Set plugin database path to: C:\ST\STM32CubeIDE_1.14.1\STM32CubeIDE\plugins\com.st.stm32cube.common.mx_6.10.0.202311202037\\db\/plugins/boardmanager/
2024-11-10 14:14:21,698 [INFO] ApiDb:261 - Set plugin images path to: C:\ST\STM32CubeIDE_1.14.1\STM32CubeIDE\plugins\com.st.stm32cube.common.mx_6.10.0.202311202037\\db\/plugins/mcufinder/images/
2024-11-10 14:14:21,698 [WARN] DbFile:41 - Overriding database path with different value: C:\Users\beo\.stmcufinder\plugins\mcufinder/ => C:\Users\beo\.stmcufinder\plugins\mcufinder
2024-11-10 14:14:21,698 [INFO] ApiDb:250 - Set database path to: C:\Users\beo\.stmcufinder\plugins\mcufinder//mcu/
2024-11-10 14:14:21,698 [WARN] DbFile:41 - Overriding database path with different value: C:\Users\beo\.stmcufinder\plugins\mcufinder/ => C:\Users\beo\.stmcufinder\plugins\mcufinder
2024-11-10 14:14:21,698 [INFO] DbMcusAds:125 - Set database path to: C:\Users\beo\.stmcufinder\plugins\mcufinder//mcu/
2024-11-10 14:14:21,698 [WARN] DbFile:41 - Overriding database path with different value: C:\Users\beo\.stmcufinder\plugins\mcufinder/ => C:\Users\beo\.stmcufinder\plugins\mcufinder
2024-11-10 14:14:21,698 [WARN] DbFile:41 - Overriding database path with different value: C:\Users\beo\.stmcufinder\plugins\mcufinder/ => C:\Users\beo\.stmcufinder\plugins\mcufinder
2024-11-10 14:14:21,698 [INFO] CrossReferenceDbSqlite:203 - Set database path to: C:\Users\beo\.stmcufinder\plugins\mcufinder//mcu/cs/
2024-11-10 14:14:21,708 [INFO] ApplicationProperties:184 - Using Application install path: C:\ST\STM32CubeIDE_1.14.1\STM32CubeIDE\plugins\com.st.stm32cube.common.mx_6.10.0.202311202037
2024-11-10 14:14:21,709 [INFO] PluginManage:196 - Search for loadable plugins [exclusion list=, ]
2024-11-10 14:14:21,709 [INFO] PluginManage:310 - Check plugin analytics
2024-11-10 14:14:26,803 [INFO] AnalyticsPlugin:253 - Accepted Software Licenses: 
2024-11-10 14:14:26,804 [INFO] AnalyticsPlugin:255 - Accepted CMSIS Pack Licenses: 
2024-11-10 14:14:26,804 [INFO] AnalyticsPlugin:257 - Accepted Firmware Licenses: FW.F4.1.28.0
2024-11-10 14:14:26,805 [INFO] PluginManage:359 - Loaded plugin analytics (category:tool,tabindex:-1)
2024-11-10 14:14:26,806 [INFO] PluginManage:310 - Check plugin cadmodel
2024-11-10 14:14:26,808 [INFO] CADModel:105 - Init CAD model plugin
2024-11-10 14:14:26,808 [INFO] PluginManage:359 - Loaded plugin cadmodel (category:power,tabindex:5)
2024-11-10 14:14:26,808 [INFO] PluginManage:310 - Check plugin clock
2024-11-10 14:14:26,813 [INFO] PluginManage:359 - Loaded plugin clock (category:base,tabindex:2)
2024-11-10 14:14:26,813 [INFO] PluginManage:310 - Check plugin ddr
2024-11-10 14:14:26,814 [INFO] PluginManage:359 - Loaded plugin ddr (category:tool,tabindex:6)
2024-11-10 14:14:26,814 [INFO] PluginManage:310 - Check plugin filemanager
2024-11-10 14:14:26,893 [INFO] PluginManage:359 - Loaded plugin filemanager (category:base,tabindex:10)
2024-11-10 14:14:26,893 [INFO] PluginManage:310 - Check plugin ipmanager
2024-11-10 14:14:26,897 [INFO] PluginManage:359 - Loaded plugin ipmanager (category:base,tabindex:5)
2024-11-10 14:14:26,897 [INFO] PluginManage:310 - Check plugin lpbam
2024-11-10 14:14:26,902 [INFO] PluginManage:359 - Loaded plugin lpbam (category:base,tabindex:0)
2024-11-10 14:14:26,902 [INFO] PluginManage:310 - Check plugin memorymap
2024-11-10 14:14:26,909 [INFO] PluginManage:359 - Loaded plugin memorymap (category:base,tabindex:4)
2024-11-10 14:14:26,909 [INFO] PluginManage:310 - Check plugin pinoutandconfiguration
2024-11-10 14:14:26,912 [INFO] PluginManage:359 - Loaded plugin pinoutandconfiguration (category:base,tabindex:1)
2024-11-10 14:14:26,913 [INFO] PluginManage:310 - Check plugin pinoutconfig
2024-11-10 14:14:26,965 [WARN] SupportedApi:132 - Cannot load RTOS API schema: s4s-elt-must-match.1: The content of 'definitions' must match (annotation?, (simpleType | complexType)?, (unique | key | keyref)*)). A problem was found starting at: attribute.
2024-11-10 14:14:27,037 [INFO] PluginManage:359 - Loaded plugin pinoutconfig (category:base,tabindex:0)
2024-11-10 14:14:27,038 [INFO] PluginManage:310 - Check plugin power
2024-11-10 14:14:27,043 [INFO] PluginManage:359 - Loaded plugin power (category:power,tabindex:4)
2024-11-10 14:14:27,043 [INFO] PluginManage:310 - Check plugin projectmanager
2024-11-10 14:14:27,054 [INFO] PluginManage:359 - Loaded plugin projectmanager (category:projectmanager,tabindex:3)
2024-11-10 14:14:27,054 [INFO] PluginManage:310 - Check plugin thirdparty
2024-11-10 14:14:27,126 [INFO] PluginManage:359 - Loaded plugin thirdparty (category:base,tabindex:-1)
2024-11-10 14:14:27,126 [WARN] IntegrityCheckThread:84 - waiting for thirdparty lock release [integrity check]
2024-11-10 14:14:27,126 [INFO] PluginManage:310 - Check plugin tools
2024-11-10 14:14:27,126 [INFO] IntegrityCheckThread:86 - entering critical section [integrity check]
2024-11-10 14:14:27,127 [INFO] ThirdPartyUpdaterWithRetryManager:70 - Updater plugin not ready yet. [1/15]
2024-11-10 14:14:27,128 [INFO] PluginManage:359 - Loaded plugin tools (category:base,tabindex:7)
2024-11-10 14:14:27,128 [INFO] PluginManage:310 - Check plugin tutovideos
2024-11-10 14:14:27,223 [INFO] PluginManage:359 - Loaded plugin tutovideos (category:base,tabindex:-1)
2024-11-10 14:14:27,223 [INFO] PluginManage:310 - Check plugin updater
2024-11-10 14:14:27,229 [INFO] PluginManage:359 - Loaded plugin updater (category:base,tabindex:12)
2024-11-10 14:14:27,229 [INFO] PluginManage:310 - Check plugin userauth
2024-11-10 14:14:27,232 [INFO] UserAuth:114 - Init User Auth plugin
2024-11-10 14:14:27,232 [INFO] PluginManage:359 - Loaded plugin userauth (category:base,tabindex:14)
2024-11-10 14:14:27,232 [INFO] PluginManage:283 - PluginManage : Loaded plugins [17]
2024-11-10 14:14:27,348 [INFO] PinOutPanel:1499 - setPackage(No Configuration,No Configuration)
2024-11-10 14:14:27,388 [INFO] CADModel:165 - CPN selected for project level
2024-11-10 14:14:27,388 [INFO] CADModel:114 - Register for checkConnection events
2024-11-10 14:14:27,397 [INFO] IPUIPlugin:80 - create IPUIPlugin
2024-11-10 14:14:27,398 [INFO] PluginManager:220 - loadIPPluginJar : add adc
2024-11-10 14:14:27,399 [INFO] IPUIPlugin:80 - create IPUIPlugin
2024-11-10 14:14:27,399 [INFO] PluginManager:220 - loadIPPluginJar : add aes
2024-11-10 14:14:27,400 [INFO] IPUIPlugin:80 - create IPUIPlugin
2024-11-10 14:14:27,400 [INFO] PluginManager:220 - loadIPPluginJar : add can
2024-11-10 14:14:27,400 [INFO] IPUIPlugin:80 - create IPUIPlugin
2024-11-10 14:14:27,400 [INFO] PluginManager:220 - loadIPPluginJar : add comp
2024-11-10 14:14:27,401 [INFO] IPUIPlugin:80 - create IPUIPlugin
2024-11-10 14:14:27,401 [INFO] PluginManager:220 - loadIPPluginJar : add cryp
2024-11-10 14:14:27,403 [INFO] IPUIPlugin:80 - create IPUIPlugin
2024-11-10 14:14:27,403 [INFO] PluginManager:220 - loadIPPluginJar : add dfsdm
2024-11-10 14:14:27,406 [INFO] IPUIPlugin:80 - create IPUIPlugin
2024-11-10 14:14:27,406 [INFO] PluginManager:220 - loadIPPluginJar : add dma
2024-11-10 14:14:27,407 [INFO] IPUIPlugin:80 - create IPUIPlugin
2024-11-10 14:14:27,407 [INFO] PluginManager:220 - loadIPPluginJar : add dma3
2024-11-10 14:14:27,408 [INFO] IPUIPlugin:80 - create IPUIPlugin
2024-11-10 14:14:27,408 [INFO] PluginManager:220 - loadIPPluginJar : add fatfs
2024-11-10 14:14:27,411 [INFO] IPUIPlugin:80 - create IPUIPlugin
2024-11-10 14:14:27,411 [INFO] PluginManager:220 - loadIPPluginJar : add fmc
2024-11-10 14:14:27,414 [INFO] IPUIPlugin:80 - create IPUIPlugin
2024-11-10 14:14:27,414 [INFO] PluginManager:220 - loadIPPluginJar : add freertos
2024-11-10 14:14:27,415 [INFO] IPUIPlugin:80 - create IPUIPlugin
2024-11-10 14:14:27,415 [INFO] PluginManager:220 - loadIPPluginJar : add genericplugin
2024-11-10 14:14:27,416 [INFO] IPUIPlugin:80 - create IPUIPlugin
2024-11-10 14:14:27,416 [INFO] PluginManager:220 - loadIPPluginJar : add gfxmmu
2024-11-10 14:14:27,419 [INFO] IPUIPlugin:80 - create IPUIPlugin
2024-11-10 14:14:27,419 [INFO] PluginManager:220 - loadIPPluginJar : add gic
2024-11-10 14:14:27,421 [INFO] IPUIPlugin:80 - create IPUIPlugin
2024-11-10 14:14:27,421 [INFO] PluginManager:220 - loadIPPluginJar : add gpio
2024-11-10 14:14:27,422 [INFO] IPUIPlugin:80 - create IPUIPlugin
2024-11-10 14:14:27,422 [INFO] PluginManager:220 - loadIPPluginJar : add gtzc
2024-11-10 14:14:27,424 [INFO] IPUIPlugin:80 - create IPUIPlugin
2024-11-10 14:14:27,424 [INFO] PluginManager:220 - loadIPPluginJar : add hash
2024-11-10 14:14:27,425 [INFO] IPUIPlugin:80 - create IPUIPlugin
2024-11-10 14:14:27,425 [INFO] PluginManager:220 - loadIPPluginJar : add i2c
2024-11-10 14:14:27,427 [INFO] IPUIPlugin:80 - create IPUIPlugin
2024-11-10 14:14:27,427 [INFO] PluginManager:220 - loadIPPluginJar : add i2s
2024-11-10 14:14:27,428 [INFO] IPUIPlugin:80 - create IPUIPlugin
2024-11-10 14:14:27,428 [INFO] PluginManager:220 - loadIPPluginJar : add i3c
2024-11-10 14:14:27,431 [INFO] IPUIPlugin:80 - create IPUIPlugin
2024-11-10 14:14:27,431 [INFO] PluginManager:220 - loadIPPluginJar : add ipddr
2024-11-10 14:14:27,435 [INFO] IPUIPlugin:80 - create IPUIPlugin
2024-11-10 14:14:27,435 [INFO] PluginManager:220 - loadIPPluginJar : add linkedlist
2024-11-10 14:14:27,437 [INFO] IPUIPlugin:80 - create IPUIPlugin
2024-11-10 14:14:27,437 [INFO] PluginManager:220 - loadIPPluginJar : add lorawan
2024-11-10 14:14:27,438 [INFO] IPUIPlugin:80 - create IPUIPlugin
2024-11-10 14:14:27,438 [INFO] PluginManager:220 - loadIPPluginJar : add ltdc
2024-11-10 14:14:27,441 [INFO] IPUIPlugin:80 - create IPUIPlugin
2024-11-10 14:14:27,442 [INFO] PluginManager:220 - loadIPPluginJar : add mdma
2024-11-10 14:14:27,444 [INFO] IPUIPlugin:80 - create IPUIPlugin
2024-11-10 14:14:27,444 [INFO] PluginManager:220 - loadIPPluginJar : add nvic
2024-11-10 14:14:27,445 [INFO] IPUIPlugin:80 - create IPUIPlugin
2024-11-10 14:14:27,445 [INFO] PluginManager:220 - loadIPPluginJar : add opamp
2024-11-10 14:14:27,447 [INFO] IPUIPlugin:80 - create IPUIPlugin
2024-11-10 14:14:27,447 [INFO] PluginManager:220 - loadIPPluginJar : add openamp
2024-11-10 14:14:27,450 [INFO] IPUIPlugin:80 - create IPUIPlugin
2024-11-10 14:14:27,450 [INFO] PluginManager:220 - loadIPPluginJar : add pdm2pcm
2024-11-10 14:14:27,454 [INFO] IPUIPlugin:80 - create IPUIPlugin
2024-11-10 14:14:27,457 [INFO] PluginManager:220 - loadIPPluginJar : add plateformsettings
2024-11-10 14:14:27,458 [INFO] IPUIPlugin:80 - create IPUIPlugin
2024-11-10 14:14:27,458 [INFO] PluginManager:220 - loadIPPluginJar : add quadspi
2024-11-10 14:14:27,460 [INFO] IPUIPlugin:80 - create IPUIPlugin
2024-11-10 14:14:27,460 [INFO] PluginManager:220 - loadIPPluginJar : add resmgrutility
2024-11-10 14:14:27,462 [INFO] IPUIPlugin:80 - create IPUIPlugin
2024-11-10 14:14:27,463 [INFO] PluginManager:220 - loadIPPluginJar : add sai
2024-11-10 14:14:27,464 [INFO] IPUIPlugin:80 - create IPUIPlugin
2024-11-10 14:14:27,464 [INFO] PluginManager:220 - loadIPPluginJar : add spi
2024-11-10 14:14:27,469 [INFO] IPUIPlugin:80 - create IPUIPlugin
2024-11-10 14:14:27,469 [INFO] PluginManager:220 - loadIPPluginJar : add stm32_wpan
2024-11-10 14:14:27,470 [INFO] IPUIPlugin:80 - create IPUIPlugin
2024-11-10 14:14:27,470 [INFO] PluginManager:220 - loadIPPluginJar : add tim
2024-11-10 14:14:27,473 [INFO] IPUIPlugin:80 - create IPUIPlugin
2024-11-10 14:14:27,473 [INFO] PluginManager:220 - loadIPPluginJar : add touchsensing
2024-11-10 14:14:27,474 [INFO] IPUIPlugin:80 - create IPUIPlugin
2024-11-10 14:14:27,474 [INFO] PluginManager:220 - loadIPPluginJar : add tracer_emb
2024-11-10 14:14:27,476 [INFO] IPUIPlugin:80 - create IPUIPlugin
2024-11-10 14:14:27,476 [INFO] PluginManager:220 - loadIPPluginJar : add ts
2024-11-10 14:14:27,477 [INFO] IPUIPlugin:80 - create IPUIPlugin
2024-11-10 14:14:27,477 [INFO] PluginManager:220 - loadIPPluginJar : add tsc
2024-11-10 14:14:27,478 [INFO] IPUIPlugin:80 - create IPUIPlugin
2024-11-10 14:14:27,478 [INFO] PluginManager:220 - loadIPPluginJar : add ucpd
2024-11-10 14:14:27,479 [INFO] IPUIPlugin:80 - create IPUIPlugin
2024-11-10 14:14:27,479 [INFO] PluginManager:220 - loadIPPluginJar : add usart
2024-11-10 14:14:27,481 [INFO] IPUIPlugin:80 - create IPUIPlugin
2024-11-10 14:14:27,481 [INFO] PluginManager:220 - loadIPPluginJar : add usbx
2024-11-10 14:14:27,592 [INFO] CADModel:165 - CPN selected for project level
2024-11-10 14:14:27,592 [INFO] CADModel:114 - Register for checkConnection events
2024-11-10 14:14:27,592 [FATAL] Updater:308 - Updater called before beeing initialized
2024-11-10 14:14:27,593 [ERROR] CADModel:125 - Updater not yet initialized, retry later 
2024-11-10 14:14:27,673 [INFO] CADModel:165 - CPN selected for project level
2024-11-10 14:14:27,673 [INFO] CADModel:114 - Register for checkConnection events
2024-11-10 14:14:27,673 [FATAL] Updater:308 - Updater called before beeing initialized
2024-11-10 14:14:27,673 [ERROR] CADModel:125 - Updater not yet initialized, retry later 
2024-11-10 14:14:27,676 [FATAL] Updater:308 - Updater called before beeing initialized
2024-11-10 14:14:27,738 [FATAL] Updater:308 - Updater called before beeing initialized
2024-11-10 14:14:27,740 [INFO] DbMcusAds:53 - JSON generation date=Wed Nov 29 13:52:27 MSK 2023 (1701255147349)
2024-11-10 14:14:27,740 [FATAL] Updater:308 - Updater called before beeing initialized
2024-11-10 14:14:27,760 [WARN] DetailPanel:346 - Failed to get advertising image, set to default
2024-11-10 14:14:27,815 [FATAL] Updater:308 - Updater called before beeing initialized
2024-11-10 14:14:27,816 [FATAL] Updater:308 - Updater called before beeing initialized
2024-11-10 14:14:27,817 [FATAL] Updater:308 - Updater called before beeing initialized
2024-11-10 14:14:27,817 [WARN] DetailPanel:346 - Failed to get advertising image, set to default
2024-11-10 14:14:27,817 [FATAL] Updater:308 - Updater called before beeing initialized
2024-11-10 14:14:27,847 [ERROR] Updater:1120 - MainUpdater not yet initialized. External WinMGr cannot be set.
2024-11-10 14:14:27,848 [INFO] Updater:1056 - Updater Version found : 6.10.0
2024-11-10 14:14:27,858 [INFO] ApplicationProperties:184 - Using Application install path: C:\ST\STM32CubeIDE_1.14.1\STM32CubeIDE\plugins\com.st.stm32cube.common.mx_6.10.0.202311202037
2024-11-10 14:14:29,429 [ERROR] LogOutputStream:75 - [STDERR_REDIRECT] Nov 10, 2024 2:14:29 PM java.util.prefs.WindowsPreferences <init>
2024-11-10 14:14:29,432 [ERROR] LogOutputStream:75 - [STDERR_REDIRECT] WARNING: Could not open/create prefs root node Software\JavaSoft\Prefs at root 0xffffffff80000002. Windows RegCreateKeyEx(...) returned error code 5.
2024-11-10 14:14:29,432 [ERROR] LogOutputStream:75 - [STDERR_REDIRECT] 
2024-11-10 14:14:29,832 [ERROR] CheckConnectionManager:249 - Problem, Http access forbiden
2024-11-10 14:14:29,834 [INFO] MainUpdater:2873 - connection check result : 22
2024-11-10 14:14:29,836 [INFO] MainUpdater:290 - Updater Check For Update Now.
2024-11-10 14:14:29,836 [INFO] MicroXplorer:498 - Change Database Version : DB.6.0.100
2024-11-10 14:14:29,849 [INFO] McuFinderGlobals:63 - Set McuFinder mode to 2 (CubeIDE integrated)
2024-11-10 14:14:29,888 [INFO] UserAuth:404 - Internet connection configuration mode: 2
2024-11-10 14:14:29,999 [INFO] CheckServerUpdateThread:120 - End of CheckServer Thread
2024-11-10 14:14:30,195 [WARN] PackLoader:240 - Cannot read IP mode file for STMicroelectronics.FP-SNS-MOTENV1.4.3.2
2024-11-10 14:14:30,200 [WARN] PackLoader:240 - Cannot read IP mode file for STMicroelectronics.FP-SNS-FLIGHT1.5.0.2
2024-11-10 14:14:30,218 [WARN] PackLoader:240 - Cannot read IP mode file for STMicroelectronics.X-CUBE-DISPLAY.3.0.0
2024-11-10 14:14:30,227 [WARN] PackLoader:240 - Cannot read IP mode file for STMicroelectronics.X-CUBE-BLE1.7.0.0
2024-11-10 14:14:30,231 [WARN] PackLoader:240 - Cannot read IP mode file for STMicroelectronics.FP-SNS-SMARTAG2.1.2.0
2024-11-10 14:14:30,234 [WARN] PackLoader:240 - Cannot read IP mode file for STMicroelectronics.X-CUBE-BLE2.3.3.0
2024-11-10 14:14:30,239 [WARN] PackLoader:240 - Cannot read IP mode file for STMicroelectronics.X-CUBE-NFC4.3.0.0
2024-11-10 14:14:30,242 [WARN] PackLoader:240 - Cannot read IP mode file for STMicroelectronics.FP-ATR-SIGFOX1.3.2.0
2024-11-10 14:14:30,246 [WARN] PackLoader:240 - Cannot read IP mode file for STMicroelectronics.X-CUBE-GNSS1.6.0.0
2024-11-10 14:14:30,249 [WARN] PackLoader:240 - Cannot read IP mode file for STMicroelectronics.X-CUBE-AI.8.1.0
2024-11-10 14:14:30,278 [WARN] PackLoader:240 - Cannot read IP mode file for STMicroelectronics.X-CUBE-MEMS1.10.0.0
2024-11-10 14:14:30,385 [WARN] PackLoader:240 - Cannot read IP mode file for STMicroelectronics.X-CUBE-FREERTOS.1.1.0
2024-11-10 14:14:30,388 [WARN] PackLoader:240 - Cannot read IP mode file for STMicroelectronics.X-CUBE-ALS.1.0.1
2024-11-10 14:14:30,390 [WARN] PackLoader:240 - Cannot read IP mode file for STMicroelectronics.FP-ATR-ASTRA1.2.0.0
2024-11-10 14:14:30,391 [INFO] ThirdParty:978 - Integrity check success = true
2024-11-10 14:14:30,391 [INFO] IntegrityCheckThread:100 - exiting critical section [integrity check]
2024-11-10 14:14:30,391 [INFO] IntegrityCheckThread:103 - End integrity checks thread
2024-11-10 14:14:50,370 [ERROR] LogOutputStream:75 - [STDERR_REDIRECT] SLF4J: Failed to load class "org.slf4j.impl.StaticLoggerBinder".
2024-11-10 14:14:50,371 [ERROR] LogOutputStream:75 - [STDERR_REDIRECT] SLF4J: Defaulting to no-operation (NOP) logger implementation
2024-11-10 14:14:50,372 [ERROR] LogOutputStream:75 - [STDERR_REDIRECT] SLF4J: See http://www.slf4j.org/codes.html#StaticLoggerBinder for further details.
2024-11-10 20:29:28,371 [ERROR] LogOutputStream:75 - [STDERR_REDIRECT] 
